{"C:\\Users\\MSI\\Desktop\\e-commerce\\server\\app.js": {"path":"C:\\Users\\MSI\\Desktop\\e-commerce\\server\\app.js","statementMap":{"0":{"start":{"line":28,"column":0},"end":{"line":28,"column":16}},"1":{"start":{"line":30,"column":11},"end":{"line":30,"column":21}},"2":{"start":{"line":35,"column":0},"end":{"line":39,"column":4}},"3":{"start":{"line":42,"column":0},"end":{"line":45,"column":2}},"4":{"start":{"line":48,"column":0},"end":{"line":51,"column":4}},"5":{"start":{"line":54,"column":0},"end":{"line":54,"column":24}},"6":{"start":{"line":55,"column":0},"end":{"line":55,"column":48}},"7":{"start":{"line":58,"column":0},"end":{"line":58,"column":24}},"8":{"start":{"line":61,"column":0},"end":{"line":61,"column":31}},"9":{"start":{"line":64,"column":0},"end":{"line":64,"column":44}},"10":{"start":{"line":65,"column":0},"end":{"line":65,"column":44}},"11":{"start":{"line":66,"column":0},"end":{"line":66,"column":47}},"12":{"start":{"line":67,"column":0},"end":{"line":67,"column":48}},"13":{"start":{"line":68,"column":0},"end":{"line":68,"column":48}},"14":{"start":{"line":69,"column":0},"end":{"line":69,"column":49}},"15":{"start":{"line":70,"column":0},"end":{"line":70,"column":45}},"16":{"start":{"line":71,"column":0},"end":{"line":71,"column":46}},"17":{"start":{"line":72,"column":0},"end":{"line":72,"column":51}},"18":{"start":{"line":73,"column":0},"end":{"line":73,"column":48}},"19":{"start":{"line":74,"column":0},"end":{"line":74,"column":46}},"20":{"start":{"line":75,"column":0},"end":{"line":75,"column":45}},"21":{"start":{"line":76,"column":0},"end":{"line":76,"column":53}},"22":{"start":{"line":77,"column":0},"end":{"line":77,"column":43}},"23":{"start":{"line":78,"column":0},"end":{"line":78,"column":46}},"24":{"start":{"line":79,"column":0},"end":{"line":79,"column":42}},"25":{"start":{"line":80,"column":0},"end":{"line":80,"column":42}},"26":{"start":{"line":81,"column":0},"end":{"line":81,"column":40}},"27":{"start":{"line":84,"column":0},"end":{"line":84,"column":25}}},"fnMap":{},"branchMap":{},"s":{"0":13,"1":13,"2":13,"3":13,"4":13,"5":13,"6":13,"7":13,"8":13,"9":13,"10":13,"11":13,"12":13,"13":13,"14":13,"15":13,"16":13,"17":13,"18":13,"19":13,"20":13,"21":13,"22":13,"23":13,"24":13,"25":13,"26":13,"27":13},"f":{},"b":{},"meta":{"lastBranch":0,"lastFunction":0,"lastStatement":28,"seen":{"s:28:0:28:16":0,"s:30:11:30:21":1,"s:35:0:39:4":2,"s:42:0:45:2":3,"s:48:0:51:4":4,"s:54:0:54:24":5,"s:55:0:55:48":6,"s:58:0:58:24":7,"s:61:0:61:31":8,"s:64:0:64:44":9,"s:65:0:65:44":10,"s:66:0:66:47":11,"s:67:0:67:48":12,"s:68:0:68:48":13,"s:69:0:69:49":14,"s:70:0:70:45":15,"s:71:0:71:46":16,"s:72:0:72:51":17,"s:73:0:73:48":18,"s:74:0:74:46":19,"s:75:0:75:45":20,"s:76:0:76:53":21,"s:77:0:77:43":22,"s:78:0:78:46":23,"s:79:0:79:42":24,"s:80:0:80:42":25,"s:81:0:81:40":26,"s:84:0:84:25":27}}}
,"C:\\Users\\MSI\\Desktop\\e-commerce\\server\\config\\passport.js": {"path":"C:\\Users\\MSI\\Desktop\\e-commerce\\server\\config\\passport.js","statementMap":{"0":{"start":{"line":10,"column":0},"end":{"line":66,"column":2}},"1":{"start":{"line":18,"column":6},"end":{"line":63,"column":7}},"2":{"start":{"line":19,"column":23},"end":{"line":19,"column":46}},"3":{"start":{"line":20,"column":23},"end":{"line":20,"column":42}},"4":{"start":{"line":21,"column":23},"end":{"line":21,"column":46}},"5":{"start":{"line":22,"column":25},"end":{"line":22,"column":35}},"6":{"start":{"line":25,"column":29},"end":{"line":27,"column":9}},"7":{"start":{"line":29,"column":8},"end":{"line":49,"column":9}},"8":{"start":{"line":30,"column":23},"end":{"line":30,"column":43}},"9":{"start":{"line":33,"column":10},"end":{"line":35,"column":11}},"10":{"start":{"line":34,"column":12},"end":{"line":34,"column":37}},"11":{"start":{"line":37,"column":10},"end":{"line":42,"column":11}},"12":{"start":{"line":38,"column":12},"end":{"line":41,"column":14}},"13":{"start":{"line":44,"column":28},"end":{"line":47,"column":11}},"14":{"start":{"line":48,"column":10},"end":{"line":48,"column":47}},"15":{"start":{"line":53,"column":24},"end":{"line":58,"column":9}},"16":{"start":{"line":60,"column":8},"end":{"line":60,"column":43}},"17":{"start":{"line":62,"column":8},"end":{"line":62,"column":33}},"18":{"start":{"line":69,"column":0},"end":{"line":69,"column":60}},"19":{"start":{"line":69,"column":39},"end":{"line":69,"column":58}},"20":{"start":{"line":71,"column":0},"end":{"line":81,"column":3}},"21":{"start":{"line":72,"column":2},"end":{"line":80,"column":3}},"22":{"start":{"line":73,"column":19},"end":{"line":76,"column":5}},"23":{"start":{"line":77,"column":4},"end":{"line":77,"column":39}},"24":{"start":{"line":79,"column":4},"end":{"line":79,"column":20}}},"fnMap":{"0":{"name":"(anonymous_0)","decl":{"start":{"line":17,"column":4},"end":{"line":17,"column":9}},"loc":{"start":{"line":17,"column":56},"end":{"line":64,"column":5}},"line":17},"1":{"name":"(anonymous_1)","decl":{"start":{"line":69,"column":23},"end":{"line":69,"column":24}},"loc":{"start":{"line":69,"column":39},"end":{"line":69,"column":58}},"line":69},"2":{"name":"(anonymous_2)","decl":{"start":{"line":71,"column":25},"end":{"line":71,"column":30}},"loc":{"start":{"line":71,"column":45},"end":{"line":81,"column":1}},"line":71}},"branchMap":{"0":{"loc":{"start":{"line":29,"column":8},"end":{"line":49,"column":9}},"type":"if","locations":[{"start":{"line":29,"column":8},"end":{"line":49,"column":9}},{"start":{},"end":{}}],"line":29},"1":{"loc":{"start":{"line":33,"column":10},"end":{"line":35,"column":11}},"type":"if","locations":[{"start":{"line":33,"column":10},"end":{"line":35,"column":11}},{"start":{},"end":{}}],"line":33},"2":{"loc":{"start":{"line":37,"column":10},"end":{"line":42,"column":11}},"type":"if","locations":[{"start":{"line":37,"column":10},"end":{"line":42,"column":11}},{"start":{},"end":{}}],"line":37},"3":{"loc":{"start":{"line":77,"column":15},"end":{"line":77,"column":37}},"type":"binary-expr","locations":[{"start":{"line":77,"column":15},"end":{"line":77,"column":29}},{"start":{"line":77,"column":33},"end":{"line":77,"column":37}}],"line":77}},"s":{"0":13,"1":0,"2":0,"3":0,"4":0,"5":0,"6":0,"7":0,"8":0,"9":0,"10":0,"11":0,"12":0,"13":0,"14":0,"15":0,"16":0,"17":0,"18":13,"19":0,"20":13,"21":0,"22":0,"23":0,"24":0},"f":{"0":0,"1":0,"2":0},"b":{"0":[0,0],"1":[0,0],"2":[0,0],"3":[0,0]},"meta":{"lastBranch":4,"lastFunction":3,"lastStatement":25,"seen":{"s:10:0:66:2":0,"f:17:4:17:9":0,"s:18:6:63:7":1,"s:19:23:19:46":2,"s:20:23:20:42":3,"s:21:23:21:46":4,"s:22:25:22:35":5,"s:25:29:27:9":6,"b:29:8:49:9:undefined:undefined:undefined:undefined":0,"s:29:8:49:9":7,"s:30:23:30:43":8,"b:33:10:35:11:undefined:undefined:undefined:undefined":1,"s:33:10:35:11":9,"s:34:12:34:37":10,"b:37:10:42:11:undefined:undefined:undefined:undefined":2,"s:37:10:42:11":11,"s:38:12:41:14":12,"s:44:28:47:11":13,"s:48:10:48:47":14,"s:53:24:58:9":15,"s:60:8:60:43":16,"s:62:8:62:33":17,"s:69:0:69:60":18,"f:69:23:69:24":1,"s:69:39:69:58":19,"s:71:0:81:3":20,"f:71:25:71:30":2,"s:72:2:80:3":21,"s:73:19:76:5":22,"s:77:4:77:39":23,"b:77:15:77:29:77:33:77:37":3,"s:79:4:79:20":24}}}
,"C:\\Users\\MSI\\Desktop\\e-commerce\\server\\config\\redis.js": {"path":"C:\\Users\\MSI\\Desktop\\e-commerce\\server\\config\\redis.js","statementMap":{"0":{"start":{"line":3,"column":14},"end":{"line":26,"column":2}},"1":{"start":{"line":10,"column":4},"end":{"line":13,"column":5}},"2":{"start":{"line":11,"column":6},"end":{"line":11,"column":60}},"3":{"start":{"line":12,"column":6},"end":{"line":12,"column":18}},"4":{"start":{"line":14,"column":4},"end":{"line":14,"column":39}},"5":{"start":{"line":28,"column":0},"end":{"line":28,"column":67}},"6":{"start":{"line":28,"column":32},"end":{"line":28,"column":65}},"7":{"start":{"line":29,"column":0},"end":{"line":29,"column":75}},"8":{"start":{"line":29,"column":32},"end":{"line":29,"column":73}},"9":{"start":{"line":30,"column":0},"end":{"line":30,"column":84}},"10":{"start":{"line":30,"column":35},"end":{"line":30,"column":82}},"11":{"start":{"line":33,"column":24},"end":{"line":39,"column":1}},"12":{"start":{"line":34,"column":2},"end":{"line":38,"column":3}},"13":{"start":{"line":35,"column":4},"end":{"line":35,"column":62}},"14":{"start":{"line":37,"column":4},"end":{"line":37,"column":68}},"15":{"start":{"line":42,"column":24},"end":{"line":50,"column":1}},"16":{"start":{"line":43,"column":2},"end":{"line":49,"column":3}},"17":{"start":{"line":44,"column":17},"end":{"line":44,"column":37}},"18":{"start":{"line":45,"column":4},"end":{"line":45,"column":42}},"19":{"start":{"line":47,"column":4},"end":{"line":47,"column":68}},"20":{"start":{"line":48,"column":4},"end":{"line":48,"column":16}}},"fnMap":{"0":{"name":"(anonymous_0)","decl":{"start":{"line":9,"column":17},"end":{"line":9,"column":18}},"loc":{"start":{"line":9,"column":28},"end":{"line":15,"column":3}},"line":9},"1":{"name":"(anonymous_1)","decl":{"start":{"line":28,"column":26},"end":{"line":28,"column":27}},"loc":{"start":{"line":28,"column":32},"end":{"line":28,"column":65}},"line":28},"2":{"name":"(anonymous_2)","decl":{"start":{"line":29,"column":26},"end":{"line":29,"column":27}},"loc":{"start":{"line":29,"column":32},"end":{"line":29,"column":73}},"line":29},"3":{"name":"(anonymous_3)","decl":{"start":{"line":30,"column":26},"end":{"line":30,"column":27}},"loc":{"start":{"line":30,"column":35},"end":{"line":30,"column":82}},"line":30},"4":{"name":"(anonymous_4)","decl":{"start":{"line":33,"column":24},"end":{"line":33,"column":29}},"loc":{"start":{"line":33,"column":65},"end":{"line":39,"column":1}},"line":33},"5":{"name":"(anonymous_5)","decl":{"start":{"line":42,"column":24},"end":{"line":42,"column":29}},"loc":{"start":{"line":42,"column":39},"end":{"line":50,"column":1}},"line":42}},"branchMap":{"0":{"loc":{"start":{"line":4,"column":12},"end":{"line":4,"column":49}},"type":"binary-expr","locations":[{"start":{"line":4,"column":12},"end":{"line":4,"column":34}},{"start":{"line":4,"column":38},"end":{"line":4,"column":49}}],"line":4},"1":{"loc":{"start":{"line":5,"column":12},"end":{"line":5,"column":50}},"type":"binary-expr","locations":[{"start":{"line":5,"column":12},"end":{"line":5,"column":42}},{"start":{"line":5,"column":46},"end":{"line":5,"column":50}}],"line":5},"2":{"loc":{"start":{"line":6,"column":12},"end":{"line":6,"column":51}},"type":"binary-expr","locations":[{"start":{"line":6,"column":12},"end":{"line":6,"column":38}},{"start":{"line":6,"column":42},"end":{"line":6,"column":51}}],"line":6},"3":{"loc":{"start":{"line":10,"column":4},"end":{"line":13,"column":5}},"type":"if","locations":[{"start":{"line":10,"column":4},"end":{"line":13,"column":5}},{"start":{},"end":{}}],"line":10},"4":{"loc":{"start":{"line":33,"column":43},"end":{"line":33,"column":60}},"type":"default-arg","locations":[{"start":{"line":33,"column":56},"end":{"line":33,"column":60}}],"line":33},"5":{"loc":{"start":{"line":45,"column":11},"end":{"line":45,"column":41}},"type":"cond-expr","locations":[{"start":{"line":45,"column":18},"end":{"line":45,"column":34}},{"start":{"line":45,"column":37},"end":{"line":45,"column":41}}],"line":45}},"s":{"0":13,"1":0,"2":0,"3":0,"4":0,"5":13,"6":13,"7":13,"8":0,"9":13,"10":0,"11":13,"12":0,"13":0,"14":0,"15":13,"16":0,"17":0,"18":0,"19":0,"20":0},"f":{"0":0,"1":13,"2":0,"3":0,"4":0,"5":0},"b":{"0":[13,0],"1":[13,0],"2":[13,13],"3":[0,0],"4":[0],"5":[0,0]},"meta":{"lastBranch":6,"lastFunction":6,"lastStatement":21,"seen":{"s:3:14:26:2":0,"b:4:12:4:34:4:38:4:49":0,"b:5:12:5:42:5:46:5:50":1,"b:6:12:6:38:6:42:6:51":2,"f:9:17:9:18":0,"b:10:4:13:5:undefined:undefined:undefined:undefined":3,"s:10:4:13:5":1,"s:11:6:11:60":2,"s:12:6:12:18":3,"s:14:4:14:39":4,"s:28:0:28:67":5,"f:28:26:28:27":1,"s:28:32:28:65":6,"s:29:0:29:75":7,"f:29:26:29:27":2,"s:29:32:29:73":8,"s:30:0:30:84":9,"f:30:26:30:27":3,"s:30:35:30:82":10,"s:33:24:39:1":11,"f:33:24:33:29":4,"b:33:56:33:60":4,"s:34:2:38:3":12,"s:35:4:35:62":13,"s:37:4:37:68":14,"s:42:24:50:1":15,"f:42:24:42:29":5,"s:43:2:49:3":16,"s:44:17:44:37":17,"s:45:4:45:42":18,"b:45:18:45:34:45:37:45:41":5,"s:47:4:47:68":19,"s:48:4:48:16":20}}}
,"C:\\Users\\MSI\\Desktop\\e-commerce\\server\\controllers\\aiAdminController.js": {"path":"C:\\Users\\MSI\\Desktop\\e-commerce\\server\\controllers\\aiAdminController.js","statementMap":{"0":{"start":{"line":19,"column":16},"end":{"line":19,"column":37}},"1":{"start":{"line":21,"column":4},"end":{"line":22,"column":24}},"2":{"start":{"line":22,"column":8},"end":{"line":22,"column":24}},"3":{"start":{"line":23,"column":4},"end":{"line":24,"column":26}},"4":{"start":{"line":24,"column":8},"end":{"line":24,"column":26}},"5":{"start":{"line":25,"column":4},"end":{"line":26,"column":23}},"6":{"start":{"line":26,"column":8},"end":{"line":26,"column":23}},"7":{"start":{"line":27,"column":4},"end":{"line":28,"column":28}},"8":{"start":{"line":28,"column":8},"end":{"line":28,"column":28}},"9":{"start":{"line":29,"column":4},"end":{"line":30,"column":25}},"10":{"start":{"line":30,"column":8},"end":{"line":30,"column":25}},"11":{"start":{"line":31,"column":4},"end":{"line":32,"column":23}},"12":{"start":{"line":32,"column":8},"end":{"line":32,"column":23}},"13":{"start":{"line":33,"column":4},"end":{"line":34,"column":21}},"14":{"start":{"line":34,"column":8},"end":{"line":34,"column":21}},"15":{"start":{"line":36,"column":4},"end":{"line":36,"column":21}},"16":{"start":{"line":43,"column":70},"end":{"line":96,"column":6}},"17":{"start":{"line":98,"column":4},"end":{"line":104,"column":6}},"18":{"start":{"line":108,"column":66},"end":{"line":168,"column":6}},"19":{"start":{"line":170,"column":4},"end":{"line":176,"column":6}},"20":{"start":{"line":180,"column":54},"end":{"line":230,"column":6}},"21":{"start":{"line":232,"column":4},"end":{"line":237,"column":6}},"22":{"start":{"line":241,"column":57},"end":{"line":296,"column":6}},"23":{"start":{"line":298,"column":4},"end":{"line":304,"column":6}},"24":{"start":{"line":308,"column":57},"end":{"line":359,"column":6}},"25":{"start":{"line":361,"column":4},"end":{"line":366,"column":6}},"26":{"start":{"line":370,"column":31},"end":{"line":378,"column":6}},"27":{"start":{"line":379,"column":4},"end":{"line":379,"column":24}},"28":{"start":{"line":383,"column":33},"end":{"line":391,"column":6}},"29":{"start":{"line":392,"column":4},"end":{"line":392,"column":26}},"30":{"start":{"line":396,"column":50},"end":{"line":420,"column":6}},"31":{"start":{"line":422,"column":4},"end":{"line":427,"column":6}},"32":{"start":{"line":433,"column":26},"end":{"line":481,"column":2}},"33":{"start":{"line":434,"column":24},"end":{"line":434,"column":32}},"34":{"start":{"line":436,"column":4},"end":{"line":438,"column":5}},"35":{"start":{"line":437,"column":8},"end":{"line":437,"column":84}},"36":{"start":{"line":440,"column":19},"end":{"line":440,"column":40}},"37":{"start":{"line":441,"column":4},"end":{"line":441,"column":72}},"38":{"start":{"line":446,"column":4},"end":{"line":478,"column":5}},"39":{"start":{"line":448,"column":12},"end":{"line":448,"column":39}},"40":{"start":{"line":449,"column":12},"end":{"line":449,"column":60}},"41":{"start":{"line":450,"column":12},"end":{"line":450,"column":18}},"42":{"start":{"line":452,"column":12},"end":{"line":452,"column":41}},"43":{"start":{"line":453,"column":12},"end":{"line":453,"column":62}},"44":{"start":{"line":454,"column":12},"end":{"line":454,"column":18}},"45":{"start":{"line":456,"column":12},"end":{"line":456,"column":38}},"46":{"start":{"line":457,"column":12},"end":{"line":457,"column":59}},"47":{"start":{"line":458,"column":12},"end":{"line":458,"column":18}},"48":{"start":{"line":460,"column":12},"end":{"line":460,"column":43}},"49":{"start":{"line":461,"column":12},"end":{"line":461,"column":64}},"50":{"start":{"line":462,"column":12},"end":{"line":462,"column":18}},"51":{"start":{"line":464,"column":12},"end":{"line":464,"column":40}},"52":{"start":{"line":465,"column":12},"end":{"line":465,"column":61}},"53":{"start":{"line":466,"column":12},"end":{"line":466,"column":18}},"54":{"start":{"line":468,"column":12},"end":{"line":468,"column":45}},"55":{"start":{"line":469,"column":12},"end":{"line":469,"column":68}},"56":{"start":{"line":470,"column":12},"end":{"line":470,"column":18}},"57":{"start":{"line":472,"column":12},"end":{"line":472,"column":43}},"58":{"start":{"line":473,"column":12},"end":{"line":473,"column":58}},"59":{"start":{"line":474,"column":12},"end":{"line":474,"column":18}},"60":{"start":{"line":476,"column":12},"end":{"line":476,"column":48}},"61":{"start":{"line":477,"column":12},"end":{"line":477,"column":61}},"62":{"start":{"line":480,"column":4},"end":{"line":480,"column":59}}},"fnMap":{"0":{"name":"detectIntent","decl":{"start":{"line":18,"column":9},"end":{"line":18,"column":21}},"loc":{"start":{"line":18,"column":31},"end":{"line":37,"column":1}},"line":18},"1":{"name":"fetchOrders","decl":{"start":{"line":42,"column":15},"end":{"line":42,"column":26}},"loc":{"start":{"line":42,"column":29},"end":{"line":105,"column":1}},"line":42},"2":{"name":"fetchProducts","decl":{"start":{"line":107,"column":15},"end":{"line":107,"column":28}},"loc":{"start":{"line":107,"column":31},"end":{"line":177,"column":1}},"line":107},"3":{"name":"fetchUsers","decl":{"start":{"line":179,"column":15},"end":{"line":179,"column":25}},"loc":{"start":{"line":179,"column":28},"end":{"line":238,"column":1}},"line":179},"4":{"name":"fetchComplaints","decl":{"start":{"line":240,"column":15},"end":{"line":240,"column":30}},"loc":{"start":{"line":240,"column":33},"end":{"line":305,"column":1}},"line":240},"5":{"name":"fetchReviews","decl":{"start":{"line":307,"column":15},"end":{"line":307,"column":27}},"loc":{"start":{"line":307,"column":30},"end":{"line":367,"column":1}},"line":307},"6":{"name":"fetchEmailContext","decl":{"start":{"line":369,"column":15},"end":{"line":369,"column":32}},"loc":{"start":{"line":369,"column":35},"end":{"line":380,"column":1}},"line":369},"7":{"name":"fetchFAQContext","decl":{"start":{"line":382,"column":15},"end":{"line":382,"column":30}},"loc":{"start":{"line":382,"column":33},"end":{"line":393,"column":1}},"line":382},"8":{"name":"fetchGeneralOverview","decl":{"start":{"line":395,"column":15},"end":{"line":395,"column":35}},"loc":{"start":{"line":395,"column":38},"end":{"line":428,"column":1}},"line":395},"9":{"name":"(anonymous_9)","decl":{"start":{"line":433,"column":44},"end":{"line":433,"column":49}},"loc":{"start":{"line":433,"column":64},"end":{"line":481,"column":1}},"line":433}},"branchMap":{"0":{"loc":{"start":{"line":21,"column":4},"end":{"line":22,"column":24}},"type":"if","locations":[{"start":{"line":21,"column":4},"end":{"line":22,"column":24}},{"start":{},"end":{}}],"line":21},"1":{"loc":{"start":{"line":23,"column":4},"end":{"line":24,"column":26}},"type":"if","locations":[{"start":{"line":23,"column":4},"end":{"line":24,"column":26}},{"start":{},"end":{}}],"line":23},"2":{"loc":{"start":{"line":25,"column":4},"end":{"line":26,"column":23}},"type":"if","locations":[{"start":{"line":25,"column":4},"end":{"line":26,"column":23}},{"start":{},"end":{}}],"line":25},"3":{"loc":{"start":{"line":27,"column":4},"end":{"line":28,"column":28}},"type":"if","locations":[{"start":{"line":27,"column":4},"end":{"line":28,"column":28}},{"start":{},"end":{}}],"line":27},"4":{"loc":{"start":{"line":29,"column":4},"end":{"line":30,"column":25}},"type":"if","locations":[{"start":{"line":29,"column":4},"end":{"line":30,"column":25}},{"start":{},"end":{}}],"line":29},"5":{"loc":{"start":{"line":31,"column":4},"end":{"line":32,"column":23}},"type":"if","locations":[{"start":{"line":31,"column":4},"end":{"line":32,"column":23}},{"start":{},"end":{}}],"line":31},"6":{"loc":{"start":{"line":33,"column":4},"end":{"line":34,"column":21}},"type":"if","locations":[{"start":{"line":33,"column":4},"end":{"line":34,"column":21}},{"start":{},"end":{}}],"line":33},"7":{"loc":{"start":{"line":436,"column":4},"end":{"line":438,"column":5}},"type":"if","locations":[{"start":{"line":436,"column":4},"end":{"line":438,"column":5}},{"start":{},"end":{}}],"line":436},"8":{"loc":{"start":{"line":436,"column":8},"end":{"line":436,"column":45}},"type":"binary-expr","locations":[{"start":{"line":436,"column":8},"end":{"line":436,"column":16}},{"start":{"line":436,"column":20},"end":{"line":436,"column":45}}],"line":436},"9":{"loc":{"start":{"line":446,"column":4},"end":{"line":478,"column":5}},"type":"switch","locations":[{"start":{"line":447,"column":8},"end":{"line":450,"column":18}},{"start":{"line":451,"column":8},"end":{"line":454,"column":18}},{"start":{"line":455,"column":8},"end":{"line":458,"column":18}},{"start":{"line":459,"column":8},"end":{"line":462,"column":18}},{"start":{"line":463,"column":8},"end":{"line":466,"column":18}},{"start":{"line":467,"column":8},"end":{"line":470,"column":18}},{"start":{"line":471,"column":8},"end":{"line":474,"column":18}},{"start":{"line":475,"column":8},"end":{"line":477,"column":61}}],"line":446}},"s":{"0":0,"1":0,"2":0,"3":0,"4":0,"5":0,"6":0,"7":0,"8":0,"9":0,"10":0,"11":0,"12":0,"13":0,"14":0,"15":0,"16":0,"17":0,"18":0,"19":0,"20":0,"21":0,"22":0,"23":0,"24":0,"25":0,"26":0,"27":0,"28":0,"29":0,"30":0,"31":0,"32":13,"33":0,"34":0,"35":0,"36":0,"37":0,"38":0,"39":0,"40":0,"41":0,"42":0,"43":0,"44":0,"45":0,"46":0,"47":0,"48":0,"49":0,"50":0,"51":0,"52":0,"53":0,"54":0,"55":0,"56":0,"57":0,"58":0,"59":0,"60":0,"61":0,"62":0},"f":{"0":0,"1":0,"2":0,"3":0,"4":0,"5":0,"6":0,"7":0,"8":0,"9":0},"b":{"0":[0,0],"1":[0,0],"2":[0,0],"3":[0,0],"4":[0,0],"5":[0,0],"6":[0,0],"7":[0,0],"8":[0,0],"9":[0,0,0,0,0,0,0,0]},"meta":{"lastBranch":10,"lastFunction":10,"lastStatement":63,"seen":{"f:18:9:18:21":0,"s:19:16:19:37":0,"b:21:4:22:24:undefined:undefined:undefined:undefined":0,"s:21:4:22:24":1,"s:22:8:22:24":2,"b:23:4:24:26:undefined:undefined:undefined:undefined":1,"s:23:4:24:26":3,"s:24:8:24:26":4,"b:25:4:26:23:undefined:undefined:undefined:undefined":2,"s:25:4:26:23":5,"s:26:8:26:23":6,"b:27:4:28:28:undefined:undefined:undefined:undefined":3,"s:27:4:28:28":7,"s:28:8:28:28":8,"b:29:4:30:25:undefined:undefined:undefined:undefined":4,"s:29:4:30:25":9,"s:30:8:30:25":10,"b:31:4:32:23:undefined:undefined:undefined:undefined":5,"s:31:4:32:23":11,"s:32:8:32:23":12,"b:33:4:34:21:undefined:undefined:undefined:undefined":6,"s:33:4:34:21":13,"s:34:8:34:21":14,"s:36:4:36:21":15,"f:42:15:42:26":1,"s:43:70:96:6":16,"s:98:4:104:6":17,"f:107:15:107:28":2,"s:108:66:168:6":18,"s:170:4:176:6":19,"f:179:15:179:25":3,"s:180:54:230:6":20,"s:232:4:237:6":21,"f:240:15:240:30":4,"s:241:57:296:6":22,"s:298:4:304:6":23,"f:307:15:307:27":5,"s:308:57:359:6":24,"s:361:4:366:6":25,"f:369:15:369:32":6,"s:370:31:378:6":26,"s:379:4:379:24":27,"f:382:15:382:30":7,"s:383:33:391:6":28,"s:392:4:392:26":29,"f:395:15:395:35":8,"s:396:50:420:6":30,"s:422:4:427:6":31,"s:433:26:481:2":32,"f:433:44:433:49":9,"s:434:24:434:32":33,"b:436:4:438:5:undefined:undefined:undefined:undefined":7,"s:436:4:438:5":34,"b:436:8:436:16:436:20:436:45":8,"s:437:8:437:84":35,"s:440:19:440:40":36,"s:441:4:441:72":37,"b:447:8:450:18:451:8:454:18:455:8:458:18:459:8:462:18:463:8:466:18:467:8:470:18:471:8:474:18:475:8:477:61":9,"s:446:4:478:5":38,"s:448:12:448:39":39,"s:449:12:449:60":40,"s:450:12:450:18":41,"s:452:12:452:41":42,"s:453:12:453:62":43,"s:454:12:454:18":44,"s:456:12:456:38":45,"s:457:12:457:59":46,"s:458:12:458:18":47,"s:460:12:460:43":48,"s:461:12:461:64":49,"s:462:12:462:18":50,"s:464:12:464:40":51,"s:465:12:465:61":52,"s:466:12:466:18":53,"s:468:12:468:45":54,"s:469:12:469:68":55,"s:470:12:470:18":56,"s:472:12:472:43":57,"s:473:12:473:58":58,"s:474:12:474:18":59,"s:476:12:476:48":60,"s:477:12:477:61":61,"s:480:4:480:59":62}}}
,"C:\\Users\\MSI\\Desktop\\e-commerce\\server\\controllers\\aiController.js": {"path":"C:\\Users\\MSI\\Desktop\\e-commerce\\server\\controllers\\aiController.js","statementMap":{"0":{"start":{"line":9,"column":25},"end":{"line":33,"column":1}},"1":{"start":{"line":10,"column":16},"end":{"line":22,"column":3}},"2":{"start":{"line":24,"column":19},"end":{"line":24,"column":40}},"3":{"start":{"line":26,"column":2},"end":{"line":32,"column":6}},"4":{"start":{"line":26,"column":24},"end":{"line":32,"column":3}},"5":{"start":{"line":38,"column":33},"end":{"line":90,"column":1}},"6":{"start":{"line":39,"column":2},"end":{"line":39,"column":42}},"7":{"start":{"line":39,"column":32},"end":{"line":39,"column":42}},"8":{"start":{"line":41,"column":23},"end":{"line":41,"column":64}},"9":{"start":{"line":41,"column":41},"end":{"line":41,"column":52}},"10":{"start":{"line":43,"column":16},"end":{"line":86,"column":3}},"11":{"start":{"line":88,"column":19},"end":{"line":88,"column":45}},"12":{"start":{"line":89,"column":2},"end":{"line":89,"column":14}},"13":{"start":{"line":95,"column":26},"end":{"line":156,"column":2}},"14":{"start":{"line":96,"column":22},"end":{"line":96,"column":30}},"15":{"start":{"line":98,"column":2},"end":{"line":103,"column":3}},"16":{"start":{"line":99,"column":4},"end":{"line":102,"column":7}},"17":{"start":{"line":105,"column":2},"end":{"line":110,"column":3}},"18":{"start":{"line":106,"column":4},"end":{"line":109,"column":7}},"19":{"start":{"line":112,"column":25},"end":{"line":112,"column":49}},"20":{"start":{"line":114,"column":2},"end":{"line":121,"column":3}},"21":{"start":{"line":115,"column":4},"end":{"line":120,"column":7}},"22":{"start":{"line":123,"column":25},"end":{"line":123,"column":75}},"23":{"start":{"line":125,"column":14},"end":{"line":125,"column":64}},"24":{"start":{"line":125,"column":59},"end":{"line":125,"column":63}},"25":{"start":{"line":126,"column":27},"end":{"line":126,"column":62}},"26":{"start":{"line":128,"column":25},"end":{"line":147,"column":20}},"27":{"start":{"line":129,"column":20},"end":{"line":129,"column":63}},"28":{"start":{"line":129,"column":47},"end":{"line":129,"column":62}},"29":{"start":{"line":130,"column":4},"end":{"line":130,"column":30}},"30":{"start":{"line":130,"column":18},"end":{"line":130,"column":30}},"31":{"start":{"line":131,"column":4},"end":{"line":146,"column":6}},"32":{"start":{"line":149,"column":2},"end":{"line":155,"column":5}}},"fnMap":{"0":{"name":"(anonymous_0)","decl":{"start":{"line":9,"column":25},"end":{"line":9,"column":30}},"loc":{"start":{"line":9,"column":37},"end":{"line":33,"column":1}},"line":9},"1":{"name":"(anonymous_1)","decl":{"start":{"line":26,"column":18},"end":{"line":26,"column":19}},"loc":{"start":{"line":26,"column":24},"end":{"line":32,"column":3}},"line":26},"2":{"name":"(anonymous_2)","decl":{"start":{"line":38,"column":33},"end":{"line":38,"column":38}},"loc":{"start":{"line":38,"column":48},"end":{"line":90,"column":1}},"line":38},"3":{"name":"(anonymous_3)","decl":{"start":{"line":41,"column":31},"end":{"line":41,"column":32}},"loc":{"start":{"line":41,"column":41},"end":{"line":41,"column":52}},"line":41},"4":{"name":"(anonymous_4)","decl":{"start":{"line":95,"column":44},"end":{"line":95,"column":49}},"loc":{"start":{"line":95,"column":64},"end":{"line":156,"column":1}},"line":95},"5":{"name":"(anonymous_5)","decl":{"start":{"line":125,"column":54},"end":{"line":125,"column":55}},"loc":{"start":{"line":125,"column":59},"end":{"line":125,"column":63}},"line":125},"6":{"name":"(anonymous_6)","decl":{"start":{"line":128,"column":65},"end":{"line":128,"column":68}},"loc":{"start":{"line":128,"column":72},"end":{"line":147,"column":3}},"line":128},"7":{"name":"(anonymous_7)","decl":{"start":{"line":129,"column":42},"end":{"line":129,"column":43}},"loc":{"start":{"line":129,"column":47},"end":{"line":129,"column":62}},"line":129}},"branchMap":{"0":{"loc":{"start":{"line":30,"column":18},"end":{"line":30,"column":40}},"type":"binary-expr","locations":[{"start":{"line":30,"column":18},"end":{"line":30,"column":34}},{"start":{"line":30,"column":38},"end":{"line":30,"column":40}}],"line":30},"1":{"loc":{"start":{"line":39,"column":2},"end":{"line":39,"column":42}},"type":"if","locations":[{"start":{"line":39,"column":2},"end":{"line":39,"column":42}},{"start":{},"end":{}}],"line":39},"2":{"loc":{"start":{"line":39,"column":6},"end":{"line":39,"column":30}},"type":"binary-expr","locations":[{"start":{"line":39,"column":6},"end":{"line":39,"column":10}},{"start":{"line":39,"column":14},"end":{"line":39,"column":30}}],"line":39},"3":{"loc":{"start":{"line":98,"column":2},"end":{"line":103,"column":3}},"type":"if","locations":[{"start":{"line":98,"column":2},"end":{"line":103,"column":3}},{"start":{},"end":{}}],"line":98},"4":{"loc":{"start":{"line":98,"column":6},"end":{"line":98,"column":43}},"type":"binary-expr","locations":[{"start":{"line":98,"column":6},"end":{"line":98,"column":14}},{"start":{"line":98,"column":18},"end":{"line":98,"column":43}}],"line":98},"5":{"loc":{"start":{"line":105,"column":2},"end":{"line":110,"column":3}},"type":"if","locations":[{"start":{"line":105,"column":2},"end":{"line":110,"column":3}},{"start":{},"end":{}}],"line":105},"6":{"loc":{"start":{"line":114,"column":2},"end":{"line":121,"column":3}},"type":"if","locations":[{"start":{"line":114,"column":2},"end":{"line":121,"column":3}},{"start":{},"end":{}}],"line":114},"7":{"loc":{"start":{"line":130,"column":4},"end":{"line":130,"column":30}},"type":"if","locations":[{"start":{"line":130,"column":4},"end":{"line":130,"column":30}},{"start":{},"end":{}}],"line":130},"8":{"loc":{"start":{"line":137,"column":18},"end":{"line":137,"column":53}},"type":"binary-expr","locations":[{"start":{"line":137,"column":18},"end":{"line":137,"column":48}},{"start":{"line":137,"column":52},"end":{"line":137,"column":53}}],"line":137},"9":{"loc":{"start":{"line":142,"column":16},"end":{"line":142,"column":70}},"type":"cond-expr","locations":[{"start":{"line":142,"column":35},"end":{"line":142,"column":63}},{"start":{"line":142,"column":66},"end":{"line":142,"column":70}}],"line":142},"10":{"loc":{"start":{"line":143,"column":18},"end":{"line":143,"column":76}},"type":"cond-expr","locations":[{"start":{"line":143,"column":39},"end":{"line":143,"column":69}},{"start":{"line":143,"column":72},"end":{"line":143,"column":76}}],"line":143}},"s":{"0":13,"1":0,"2":0,"3":0,"4":0,"5":13,"6":0,"7":0,"8":0,"9":0,"10":0,"11":0,"12":0,"13":13,"14":0,"15":0,"16":0,"17":0,"18":0,"19":0,"20":0,"21":0,"22":0,"23":0,"24":0,"25":0,"26":0,"27":0,"28":0,"29":0,"30":0,"31":0,"32":0},"f":{"0":0,"1":0,"2":0,"3":0,"4":0,"5":0,"6":0,"7":0},"b":{"0":[0,0],"1":[0,0],"2":[0,0],"3":[0,0],"4":[0,0],"5":[0,0],"6":[0,0],"7":[0,0],"8":[0,0],"9":[0,0],"10":[0,0]},"meta":{"lastBranch":11,"lastFunction":8,"lastStatement":33,"seen":{"s:9:25:33:1":0,"f:9:25:9:30":0,"s:10:16:22:3":1,"s:24:19:24:40":2,"s:26:2:32:6":3,"f:26:18:26:19":1,"s:26:24:32:3":4,"b:30:18:30:34:30:38:30:40":0,"s:38:33:90:1":5,"f:38:33:38:38":2,"b:39:2:39:42:undefined:undefined:undefined:undefined":1,"s:39:2:39:42":6,"b:39:6:39:10:39:14:39:30":2,"s:39:32:39:42":7,"s:41:23:41:64":8,"f:41:31:41:32":3,"s:41:41:41:52":9,"s:43:16:86:3":10,"s:88:19:88:45":11,"s:89:2:89:14":12,"s:95:26:156:2":13,"f:95:44:95:49":4,"s:96:22:96:30":14,"b:98:2:103:3:undefined:undefined:undefined:undefined":3,"s:98:2:103:3":15,"b:98:6:98:14:98:18:98:43":4,"s:99:4:102:7":16,"b:105:2:110:3:undefined:undefined:undefined:undefined":5,"s:105:2:110:3":17,"s:106:4:109:7":18,"s:112:25:112:49":19,"b:114:2:121:3:undefined:undefined:undefined:undefined":6,"s:114:2:121:3":20,"s:115:4:120:7":21,"s:123:25:123:75":22,"s:125:14:125:64":23,"f:125:54:125:55":5,"s:125:59:125:63":24,"s:126:27:126:62":25,"s:128:25:147:20":26,"f:128:65:128:68":6,"s:129:20:129:63":27,"f:129:42:129:43":7,"s:129:47:129:62":28,"b:130:4:130:30:undefined:undefined:undefined:undefined":7,"s:130:4:130:30":29,"s:130:18:130:30":30,"s:131:4:146:6":31,"b:137:18:137:48:137:52:137:53":8,"b:142:35:142:63:142:66:142:70":9,"b:143:39:143:69:143:72:143:76":10,"s:149:2:155:5":32}}}
,"C:\\Users\\MSI\\Desktop\\e-commerce\\server\\controllers\\aiRecipePanierController.js": {"path":"C:\\Users\\MSI\\Desktop\\e-commerce\\server\\controllers\\aiRecipePanierController.js","statementMap":{"0":{"start":{"line":5,"column":31},"end":{"line":55,"column":2}},"1":{"start":{"line":6,"column":25},"end":{"line":6,"column":33}},"2":{"start":{"line":8,"column":4},"end":{"line":10,"column":5}},"3":{"start":{"line":9,"column":8},"end":{"line":9,"column":93}},"4":{"start":{"line":12,"column":23},"end":{"line":12,"column":70}},"5":{"start":{"line":12,"column":41},"end":{"line":12,"column":53}},"6":{"start":{"line":14,"column":67},"end":{"line":52,"column":6}},"7":{"start":{"line":53,"column":20},"end":{"line":53,"column":83}},"8":{"start":{"line":54,"column":4},"end":{"line":54,"column":45}}},"fnMap":{"0":{"name":"(anonymous_0)","decl":{"start":{"line":5,"column":49},"end":{"line":5,"column":54}},"loc":{"start":{"line":5,"column":69},"end":{"line":55,"column":1}},"line":5},"1":{"name":"(anonymous_1)","decl":{"start":{"line":12,"column":36},"end":{"line":12,"column":37}},"loc":{"start":{"line":12,"column":41},"end":{"line":12,"column":53}},"line":12}},"branchMap":{"0":{"loc":{"start":{"line":8,"column":4},"end":{"line":10,"column":5}},"type":"if","locations":[{"start":{"line":8,"column":4},"end":{"line":10,"column":5}},{"start":{},"end":{}}],"line":8},"1":{"loc":{"start":{"line":8,"column":8},"end":{"line":8,"column":70}},"type":"binary-expr","locations":[{"start":{"line":8,"column":8},"end":{"line":8,"column":17}},{"start":{"line":8,"column":21},"end":{"line":8,"column":45}},{"start":{"line":8,"column":49},"end":{"line":8,"column":70}}],"line":8}},"s":{"0":13,"1":0,"2":0,"3":0,"4":0,"5":0,"6":0,"7":0,"8":0},"f":{"0":0,"1":0},"b":{"0":[0,0],"1":[0,0,0]},"meta":{"lastBranch":2,"lastFunction":2,"lastStatement":9,"seen":{"s:5:31:55:2":0,"f:5:49:5:54":0,"s:6:25:6:33":1,"b:8:4:10:5:undefined:undefined:undefined:undefined":0,"s:8:4:10:5":2,"b:8:8:8:17:8:21:8:45:8:49:8:70":1,"s:9:8:9:93":3,"s:12:23:12:70":4,"f:12:36:12:37":1,"s:12:41:12:53":5,"s:14:67:52:6":6,"s:53:20:53:83":7,"s:54:4:54:45":8}}}
,"C:\\Users\\MSI\\Desktop\\e-commerce\\server\\controllers\\authController.js": {"path":"C:\\Users\\MSI\\Desktop\\e-commerce\\server\\controllers\\authController.js","statementMap":{"0":{"start":{"line":12,"column":13},"end":{"line":30,"column":null}},"1":{"start":{"line":13,"column":58},"end":{"line":13,"column":null}},"2":{"start":{"line":14,"column":21},"end":{"line":14,"column":null}},"3":{"start":{"line":15,"column":2},"end":{"line":16,"column":null}},"4":{"start":{"line":16,"column":4},"end":{"line":16,"column":null}},"5":{"start":{"line":17,"column":21},"end":{"line":17,"column":null}},"6":{"start":{"line":18,"column":2},"end":{"line":19,"column":null}},"7":{"start":{"line":19,"column":4},"end":{"line":19,"column":null}},"8":{"start":{"line":20,"column":15},"end":{"line":22,"column":null}},"9":{"start":{"line":24,"column":2},"end":{"line":29,"column":null}},"10":{"start":{"line":37,"column":13},"end":{"line":48,"column":null}},"11":{"start":{"line":38,"column":20},"end":{"line":38,"column":null}},"12":{"start":{"line":40,"column":2},"end":{"line":40,"column":null}},"13":{"start":{"line":43,"column":2},"end":{"line":47,"column":null}},"14":{"start":{"line":55,"column":13},"end":{"line":63,"column":null}},"15":{"start":{"line":56,"column":15},"end":{"line":56,"column":null}},"16":{"start":{"line":58,"column":2},"end":{"line":62,"column":null}},"17":{"start":{"line":70,"column":13},"end":{"line":86,"column":null}},"18":{"start":{"line":71,"column":30},"end":{"line":71,"column":null}},"19":{"start":{"line":72,"column":13},"end":{"line":72,"column":null}},"20":{"start":{"line":73,"column":17},"end":{"line":73,"column":null}},"21":{"start":{"line":76,"column":2},"end":{"line":83,"column":null}},"22":{"start":{"line":77,"column":4},"end":{"line":82,"column":null}},"23":{"start":{"line":85,"column":2},"end":{"line":85,"column":null}},"24":{"start":{"line":93,"column":13},"end":{"line":99,"column":null}},"25":{"start":{"line":94,"column":35},"end":{"line":94,"column":null}},"26":{"start":{"line":95,"column":2},"end":{"line":96,"column":null}},"27":{"start":{"line":96,"column":4},"end":{"line":96,"column":null}},"28":{"start":{"line":97,"column":15},"end":{"line":97,"column":null}},"29":{"start":{"line":98,"column":2},"end":{"line":98,"column":null}},"30":{"start":{"line":105,"column":13},"end":{"line":120,"column":null}},"31":{"start":{"line":106,"column":16},"end":{"line":106,"column":null}},"32":{"start":{"line":108,"column":2},"end":{"line":110,"column":null}},"33":{"start":{"line":109,"column":4},"end":{"line":109,"column":null}},"34":{"start":{"line":112,"column":2},"end":{"line":117,"column":null}},"35":{"start":{"line":119,"column":2},"end":{"line":119,"column":null}},"36":{"start":{"line":127,"column":13},"end":{"line":145,"column":null}},"37":{"start":{"line":128,"column":2},"end":{"line":130,"column":null}},"38":{"start":{"line":129,"column":4},"end":{"line":129,"column":null}},"39":{"start":{"line":131,"column":16},"end":{"line":131,"column":null}},"40":{"start":{"line":133,"column":8},"end":{"line":133,"column":null}},"41":{"start":{"line":136,"column":2},"end":{"line":141,"column":null}},"42":{"start":{"line":144,"column":1},"end":{"line":144,"column":null}},"43":{"start":{"line":152,"column":13},"end":{"line":163,"column":null}},"44":{"start":{"line":153,"column":20},"end":{"line":153,"column":null}},"45":{"start":{"line":155,"column":2},"end":{"line":155,"column":null}},"46":{"start":{"line":158,"column":2},"end":{"line":162,"column":null}},"47":{"start":{"line":170,"column":13},"end":{"line":182,"column":null}},"48":{"start":{"line":171,"column":23},"end":{"line":171,"column":null}},"49":{"start":{"line":173,"column":2},"end":{"line":176,"column":null}},"50":{"start":{"line":178,"column":2},"end":{"line":181,"column":null}},"51":{"start":{"line":189,"column":13},"end":{"line":193,"column":null}},"52":{"start":{"line":190,"column":15},"end":{"line":190,"column":null}},"53":{"start":{"line":192,"column":2},"end":{"line":192,"column":null}},"54":{"start":{"line":200,"column":13},"end":{"line":214,"column":null}},"55":{"start":{"line":201,"column":21},"end":{"line":201,"column":null}},"56":{"start":{"line":203,"column":15},"end":{"line":207,"column":null}},"57":{"start":{"line":209,"column":2},"end":{"line":213,"column":null}},"58":{"start":{"line":221,"column":13},"end":{"line":247,"column":null}},"59":{"start":{"line":222,"column":43},"end":{"line":222,"column":null}},"60":{"start":{"line":224,"column":2},"end":{"line":225,"column":null}},"61":{"start":{"line":225,"column":4},"end":{"line":225,"column":null}},"62":{"start":{"line":227,"column":2},"end":{"line":231,"column":null}},"63":{"start":{"line":233,"column":16},"end":{"line":233,"column":null}},"64":{"start":{"line":234,"column":2},"end":{"line":234,"column":null}},"65":{"start":{"line":234,"column":13},"end":{"line":234,"column":null}},"66":{"start":{"line":236,"column":2},"end":{"line":241,"column":null}},"67":{"start":{"line":243,"column":2},"end":{"line":246,"column":null}},"68":{"start":{"line":253,"column":13},"end":{"line":260,"column":null}},"69":{"start":{"line":254,"column":23},"end":{"line":254,"column":null}},"70":{"start":{"line":255,"column":15},"end":{"line":258,"column":null}},"71":{"start":{"line":259,"column":2},"end":{"line":259,"column":null}},"72":{"start":{"line":267,"column":13},"end":{"line":280,"column":null}},"73":{"start":{"line":268,"column":17},"end":{"line":268,"column":null}},"74":{"start":{"line":269,"column":17},"end":{"line":269,"column":null}},"75":{"start":{"line":270,"column":17},"end":{"line":270,"column":null}},"76":{"start":{"line":273,"column":2},"end":{"line":274,"column":null}},"77":{"start":{"line":274,"column":4},"end":{"line":274,"column":null}},"78":{"start":{"line":276,"column":15},"end":{"line":276,"column":null}},"79":{"start":{"line":277,"column":15},"end":{"line":277,"column":null}},"80":{"start":{"line":278,"column":13},"end":{"line":278,"column":null}},"81":{"start":{"line":279,"column":2},"end":{"line":279,"column":null}},"82":{"start":{"line":287,"column":13},"end":{"line":294,"column":null}},"83":{"start":{"line":288,"column":2},"end":{"line":291,"column":null}},"84":{"start":{"line":293,"column":2},"end":{"line":293,"column":null}},"85":{"start":{"line":301,"column":13},"end":{"line":314,"column":null}},"86":{"start":{"line":302,"column":19},"end":{"line":302,"column":null}},"87":{"start":{"line":304,"column":2},"end":{"line":305,"column":null}},"88":{"start":{"line":305,"column":4},"end":{"line":305,"column":null}},"89":{"start":{"line":307,"column":15},"end":{"line":311,"column":null}},"90":{"start":{"line":313,"column":2},"end":{"line":313,"column":null}},"91":{"start":{"line":321,"column":13},"end":{"line":328,"column":null}},"92":{"start":{"line":322,"column":15},"end":{"line":325,"column":null}},"93":{"start":{"line":327,"column":2},"end":{"line":327,"column":null}},"94":{"start":{"line":335,"column":13},"end":{"line":339,"column":null}},"95":{"start":{"line":336,"column":15},"end":{"line":336,"column":null}},"96":{"start":{"line":338,"column":2},"end":{"line":338,"column":null}},"97":{"start":{"line":346,"column":13},"end":{"line":360,"column":null}},"98":{"start":{"line":350,"column":6},"end":{"line":350,"column":null}},"99":{"start":{"line":352,"column":15},"end":{"line":357,"column":null}},"100":{"start":{"line":359,"column":2},"end":{"line":359,"column":null}},"101":{"start":{"line":366,"column":13},"end":{"line":390,"column":null}},"102":{"start":{"line":374,"column":6},"end":{"line":374,"column":null}},"103":{"start":{"line":376,"column":15},"end":{"line":383,"column":null}},"104":{"start":{"line":385,"column":2},"end":{"line":389,"column":null}}},"fnMap":{"0":{"name":"(anonymous_0)","decl":{"start":{"line":12,"column":41},"end":{"line":12,"column":48}},"loc":{"start":{"line":12,"column":67},"end":{"line":30,"column":1}},"line":12},"1":{"name":"(anonymous_1)","decl":{"start":{"line":37,"column":51},"end":{"line":37,"column":58}},"loc":{"start":{"line":37,"column":77},"end":{"line":48,"column":1}},"line":37},"2":{"name":"(anonymous_2)","decl":{"start":{"line":55,"column":44},"end":{"line":55,"column":51}},"loc":{"start":{"line":55,"column":70},"end":{"line":63,"column":1}},"line":55},"3":{"name":"(anonymous_3)","decl":{"start":{"line":70,"column":38},"end":{"line":70,"column":45}},"loc":{"start":{"line":70,"column":64},"end":{"line":86,"column":1}},"line":70},"4":{"name":"(anonymous_4)","decl":{"start":{"line":93,"column":42},"end":{"line":93,"column":49}},"loc":{"start":{"line":93,"column":68},"end":{"line":99,"column":1}},"line":93},"5":{"name":"(anonymous_5)","decl":{"start":{"line":105,"column":39},"end":{"line":105,"column":46}},"loc":{"start":{"line":105,"column":65},"end":{"line":120,"column":1}},"line":105},"6":{"name":"(anonymous_6)","decl":{"start":{"line":127,"column":47},"end":{"line":127,"column":54}},"loc":{"start":{"line":127,"column":73},"end":{"line":145,"column":1}},"line":127},"7":{"name":"(anonymous_7)","decl":{"start":{"line":152,"column":47},"end":{"line":152,"column":54}},"loc":{"start":{"line":152,"column":73},"end":{"line":163,"column":1}},"line":152},"8":{"name":"(anonymous_8)","decl":{"start":{"line":170,"column":46},"end":{"line":170,"column":53}},"loc":{"start":{"line":170,"column":72},"end":{"line":182,"column":1}},"line":170},"9":{"name":"(anonymous_9)","decl":{"start":{"line":189,"column":38},"end":{"line":189,"column":45}},"loc":{"start":{"line":189,"column":64},"end":{"line":193,"column":1}},"line":189},"10":{"name":"(anonymous_10)","decl":{"start":{"line":200,"column":46},"end":{"line":200,"column":53}},"loc":{"start":{"line":200,"column":72},"end":{"line":214,"column":1}},"line":200},"11":{"name":"(anonymous_11)","decl":{"start":{"line":221,"column":47},"end":{"line":221,"column":54}},"loc":{"start":{"line":221,"column":73},"end":{"line":247,"column":1}},"line":221},"12":{"name":"(anonymous_12)","decl":{"start":{"line":253,"column":48},"end":{"line":253,"column":55}},"loc":{"start":{"line":253,"column":74},"end":{"line":260,"column":1}},"line":253},"13":{"name":"(anonymous_13)","decl":{"start":{"line":267,"column":44},"end":{"line":267,"column":51}},"loc":{"start":{"line":267,"column":70},"end":{"line":280,"column":1}},"line":267},"14":{"name":"(anonymous_14)","decl":{"start":{"line":287,"column":43},"end":{"line":287,"column":50}},"loc":{"start":{"line":287,"column":69},"end":{"line":294,"column":1}},"line":287},"15":{"name":"(anonymous_15)","decl":{"start":{"line":301,"column":47},"end":{"line":301,"column":54}},"loc":{"start":{"line":301,"column":73},"end":{"line":314,"column":1}},"line":301},"16":{"name":"(anonymous_16)","decl":{"start":{"line":321,"column":44},"end":{"line":321,"column":51}},"loc":{"start":{"line":321,"column":70},"end":{"line":328,"column":1}},"line":321},"17":{"name":"(anonymous_17)","decl":{"start":{"line":335,"column":45},"end":{"line":335,"column":52}},"loc":{"start":{"line":335,"column":71},"end":{"line":339,"column":1}},"line":335},"18":{"name":"(anonymous_18)","decl":{"start":{"line":346,"column":48},"end":{"line":346,"column":55}},"loc":{"start":{"line":346,"column":74},"end":{"line":360,"column":1}},"line":346},"19":{"name":"(anonymous_19)","decl":{"start":{"line":366,"column":48},"end":{"line":366,"column":55}},"loc":{"start":{"line":366,"column":74},"end":{"line":390,"column":1}},"line":366}},"branchMap":{"0":{"loc":{"start":{"line":14,"column":21},"end":{"line":14,"column":null}},"type":"binary-expr","locations":[{"start":{"line":14,"column":21},"end":{"line":14,"column":42}},{"start":{"line":14,"column":42},"end":{"line":14,"column":null}}],"line":14},"1":{"loc":{"start":{"line":15,"column":2},"end":{"line":16,"column":null}},"type":"if","locations":[{"start":{"line":15,"column":2},"end":{"line":16,"column":null}},{"start":{},"end":{}}],"line":15},"2":{"loc":{"start":{"line":15,"column":6},"end":{"line":15,"column":null}},"type":"binary-expr","locations":[{"start":{"line":15,"column":6},"end":{"line":15,"column":16}},{"start":{"line":15,"column":16},"end":{"line":15,"column":null}}],"line":15},"3":{"loc":{"start":{"line":18,"column":2},"end":{"line":19,"column":null}},"type":"if","locations":[{"start":{"line":18,"column":2},"end":{"line":19,"column":null}},{"start":{},"end":{}}],"line":18},"4":{"loc":{"start":{"line":72,"column":13},"end":{"line":72,"column":null}},"type":"binary-expr","locations":[{"start":{"line":72,"column":13},"end":{"line":72,"column":23}},{"start":{"line":72,"column":23},"end":{"line":72,"column":57}},{"start":{"line":72,"column":57},"end":{"line":72,"column":null}}],"line":72},"5":{"loc":{"start":{"line":76,"column":2},"end":{"line":83,"column":null}},"type":"if","locations":[{"start":{"line":76,"column":2},"end":{"line":83,"column":null}},{"start":{},"end":{}}],"line":76},"6":{"loc":{"start":{"line":95,"column":2},"end":{"line":96,"column":null}},"type":"if","locations":[{"start":{"line":95,"column":2},"end":{"line":96,"column":null}},{"start":{},"end":{}}],"line":95},"7":{"loc":{"start":{"line":95,"column":6},"end":{"line":95,"column":null}},"type":"binary-expr","locations":[{"start":{"line":95,"column":6},"end":{"line":95,"column":26}},{"start":{"line":95,"column":26},"end":{"line":95,"column":null}}],"line":95},"8":{"loc":{"start":{"line":108,"column":2},"end":{"line":110,"column":null}},"type":"if","locations":[{"start":{"line":108,"column":2},"end":{"line":110,"column":null}},{"start":{},"end":{}}],"line":108},"9":{"loc":{"start":{"line":116,"column":4},"end":{"line":116,"column":null}},"type":"cond-expr","locations":[{"start":{"line":116,"column":54},"end":{"line":116,"column":63}},{"start":{"line":116,"column":63},"end":{"line":116,"column":null}}],"line":116},"10":{"loc":{"start":{"line":128,"column":2},"end":{"line":130,"column":null}},"type":"if","locations":[{"start":{"line":128,"column":2},"end":{"line":130,"column":null}},{"start":{},"end":{}}],"line":128},"11":{"loc":{"start":{"line":139,"column":14},"end":{"line":139,"column":null}},"type":"cond-expr","locations":[{"start":{"line":139,"column":29},"end":{"line":139,"column":38}},{"start":{"line":139,"column":38},"end":{"line":139,"column":null}}],"line":139},"12":{"loc":{"start":{"line":201,"column":21},"end":{"line":201,"column":null}},"type":"binary-expr","locations":[{"start":{"line":201,"column":21},"end":{"line":201,"column":42}},{"start":{"line":201,"column":42},"end":{"line":201,"column":null}}],"line":201},"13":{"loc":{"start":{"line":224,"column":2},"end":{"line":225,"column":null}},"type":"if","locations":[{"start":{"line":224,"column":2},"end":{"line":225,"column":null}},{"start":{},"end":{}}],"line":224},"14":{"loc":{"start":{"line":224,"column":6},"end":{"line":224,"column":null}},"type":"binary-expr","locations":[{"start":{"line":224,"column":6},"end":{"line":224,"column":26}},{"start":{"line":224,"column":26},"end":{"line":224,"column":null}}],"line":224},"15":{"loc":{"start":{"line":234,"column":2},"end":{"line":234,"column":null}},"type":"if","locations":[{"start":{"line":234,"column":2},"end":{"line":234,"column":null}},{"start":{},"end":{}}],"line":234},"16":{"loc":{"start":{"line":240,"column":4},"end":{"line":240,"column":null}},"type":"cond-expr","locations":[{"start":{"line":240,"column":54},"end":{"line":240,"column":63}},{"start":{"line":240,"column":63},"end":{"line":240,"column":null}}],"line":240},"17":{"loc":{"start":{"line":268,"column":17},"end":{"line":268,"column":null}},"type":"binary-expr","locations":[{"start":{"line":268,"column":17},"end":{"line":268,"column":46}},{"start":{"line":268,"column":46},"end":{"line":268,"column":null}}],"line":268},"18":{"loc":{"start":{"line":269,"column":17},"end":{"line":269,"column":null}},"type":"binary-expr","locations":[{"start":{"line":269,"column":17},"end":{"line":269,"column":46}},{"start":{"line":269,"column":46},"end":{"line":269,"column":null}}],"line":269},"19":{"loc":{"start":{"line":270,"column":17},"end":{"line":270,"column":null}},"type":"binary-expr","locations":[{"start":{"line":270,"column":17},"end":{"line":270,"column":46}},{"start":{"line":270,"column":46},"end":{"line":270,"column":null}}],"line":270},"20":{"loc":{"start":{"line":273,"column":2},"end":{"line":274,"column":null}},"type":"if","locations":[{"start":{"line":273,"column":2},"end":{"line":274,"column":null}},{"start":{},"end":{}}],"line":273},"21":{"loc":{"start":{"line":276,"column":15},"end":{"line":276,"column":null}},"type":"binary-expr","locations":[{"start":{"line":276,"column":15},"end":{"line":276,"column":35}},{"start":{"line":276,"column":35},"end":{"line":276,"column":null}}],"line":276},"22":{"loc":{"start":{"line":277,"column":15},"end":{"line":277,"column":null}},"type":"binary-expr","locations":[{"start":{"line":277,"column":15},"end":{"line":277,"column":35}},{"start":{"line":277,"column":35},"end":{"line":277,"column":null}}],"line":277},"23":{"loc":{"start":{"line":304,"column":2},"end":{"line":305,"column":null}},"type":"if","locations":[{"start":{"line":304,"column":2},"end":{"line":305,"column":null}},{"start":{},"end":{}}],"line":304}},"s":{"0":13,"1":7,"2":7,"3":7,"4":3,"5":4,"6":4,"7":1,"8":3,"9":1,"10":13,"11":2,"12":2,"13":1,"14":13,"15":1,"16":0,"17":13,"18":29,"19":29,"20":29,"21":0,"22":0,"23":0,"24":13,"25":0,"26":0,"27":0,"28":0,"29":0,"30":13,"31":1,"32":1,"33":0,"34":1,"35":1,"36":13,"37":0,"38":0,"39":0,"40":0,"41":0,"42":0,"43":13,"44":4,"45":4,"46":2,"47":13,"48":2,"49":2,"50":0,"51":13,"52":0,"53":0,"54":13,"55":0,"56":0,"57":0,"58":13,"59":0,"60":0,"61":0,"62":0,"63":0,"64":0,"65":0,"66":0,"67":0,"68":13,"69":0,"70":0,"71":0,"72":13,"73":0,"74":0,"75":0,"76":0,"77":0,"78":0,"79":0,"80":0,"81":0,"82":13,"83":0,"84":0,"85":13,"86":0,"87":0,"88":0,"89":0,"90":0,"91":13,"92":0,"93":0,"94":13,"95":0,"96":0,"97":13,"98":0,"99":0,"100":0,"101":13,"102":0,"103":0,"104":0},"f":{"0":7,"1":2,"2":1,"3":29,"4":0,"5":1,"6":0,"7":4,"8":2,"9":0,"10":0,"11":0,"12":0,"13":0,"14":0,"15":0,"16":0,"17":0,"18":0,"19":0},"b":{"0":[7,7],"1":[3,4],"2":[7,5],"3":[1,3],"4":[29,0,0],"5":[0,0],"6":[0,0],"7":[0,0],"8":[0,1],"9":[0,1],"10":[0,0],"11":[0,0],"12":[0,0],"13":[0,0],"14":[0,0],"15":[0,0],"16":[0,0],"17":[0,0],"18":[0,0],"19":[0,0],"20":[0,0],"21":[0,0],"22":[0,0],"23":[0,0]},"meta":{"lastBranch":24,"lastFunction":20,"lastStatement":105,"seen":{"s:12:13:30:Infinity":0,"f:12:41:12:48":0,"s:13:58:13:Infinity":1,"s:14:21:14:Infinity":2,"b:14:21:14:42:14:42:14:Infinity":0,"b:15:2:16:Infinity:undefined:undefined:undefined:undefined":1,"s:15:2:16:Infinity":3,"b:15:6:15:16:15:16:15:Infinity":2,"s:16:4:16:Infinity":4,"s:17:21:17:Infinity":5,"b:18:2:19:Infinity:undefined:undefined:undefined:undefined":3,"s:18:2:19:Infinity":6,"s:19:4:19:Infinity":7,"s:20:15:22:Infinity":8,"s:24:2:29:Infinity":9,"s:37:13:48:Infinity":10,"f:37:51:37:58":1,"s:38:20:38:Infinity":11,"s:40:2:40:Infinity":12,"s:43:2:47:Infinity":13,"s:55:13:63:Infinity":14,"f:55:44:55:51":2,"s:56:15:56:Infinity":15,"s:58:2:62:Infinity":16,"s:70:13:86:Infinity":17,"f:70:38:70:45":3,"s:71:30:71:Infinity":18,"s:72:13:72:Infinity":19,"b:72:13:72:23:72:23:72:57:72:57:72:Infinity":4,"s:73:17:73:Infinity":20,"b:76:2:83:Infinity:undefined:undefined:undefined:undefined":5,"s:76:2:83:Infinity":21,"s:77:4:82:Infinity":22,"s:85:2:85:Infinity":23,"s:93:13:99:Infinity":24,"f:93:42:93:49":4,"s:94:35:94:Infinity":25,"b:95:2:96:Infinity:undefined:undefined:undefined:undefined":6,"s:95:2:96:Infinity":26,"b:95:6:95:26:95:26:95:Infinity":7,"s:96:4:96:Infinity":27,"s:97:15:97:Infinity":28,"s:98:2:98:Infinity":29,"s:105:13:120:Infinity":30,"f:105:39:105:46":5,"s:106:16:106:Infinity":31,"b:108:2:110:Infinity:undefined:undefined:undefined:undefined":8,"s:108:2:110:Infinity":32,"s:109:4:109:Infinity":33,"s:112:2:117:Infinity":34,"b:116:54:116:63:116:63:116:Infinity":9,"s:119:2:119:Infinity":35,"s:127:13:145:Infinity":36,"f:127:47:127:54":6,"b:128:2:130:Infinity:undefined:undefined:undefined:undefined":10,"s:128:2:130:Infinity":37,"s:129:4:129:Infinity":38,"s:131:16:131:Infinity":39,"s:133:8:133:Infinity":40,"s:136:2:141:Infinity":41,"b:139:29:139:38:139:38:139:Infinity":11,"s:144:1:144:Infinity":42,"s:152:13:163:Infinity":43,"f:152:47:152:54":7,"s:153:20:153:Infinity":44,"s:155:2:155:Infinity":45,"s:158:2:162:Infinity":46,"s:170:13:182:Infinity":47,"f:170:46:170:53":8,"s:171:23:171:Infinity":48,"s:173:2:176:Infinity":49,"s:178:2:181:Infinity":50,"s:189:13:193:Infinity":51,"f:189:38:189:45":9,"s:190:15:190:Infinity":52,"s:192:2:192:Infinity":53,"s:200:13:214:Infinity":54,"f:200:46:200:53":10,"s:201:21:201:Infinity":55,"b:201:21:201:42:201:42:201:Infinity":12,"s:203:15:207:Infinity":56,"s:209:2:213:Infinity":57,"s:221:13:247:Infinity":58,"f:221:47:221:54":11,"s:222:43:222:Infinity":59,"b:224:2:225:Infinity:undefined:undefined:undefined:undefined":13,"s:224:2:225:Infinity":60,"b:224:6:224:26:224:26:224:Infinity":14,"s:225:4:225:Infinity":61,"s:227:2:231:Infinity":62,"s:233:16:233:Infinity":63,"b:234:2:234:Infinity:undefined:undefined:undefined:undefined":15,"s:234:2:234:Infinity":64,"s:234:13:234:Infinity":65,"s:236:2:241:Infinity":66,"b:240:54:240:63:240:63:240:Infinity":16,"s:243:2:246:Infinity":67,"s:253:13:260:Infinity":68,"f:253:48:253:55":12,"s:254:23:254:Infinity":69,"s:255:15:258:Infinity":70,"s:259:2:259:Infinity":71,"s:267:13:280:Infinity":72,"f:267:44:267:51":13,"s:268:17:268:Infinity":73,"b:268:17:268:46:268:46:268:Infinity":17,"s:269:17:269:Infinity":74,"b:269:17:269:46:269:46:269:Infinity":18,"s:270:17:270:Infinity":75,"b:270:17:270:46:270:46:270:Infinity":19,"b:273:2:274:Infinity:undefined:undefined:undefined:undefined":20,"s:273:2:274:Infinity":76,"s:274:4:274:Infinity":77,"s:276:15:276:Infinity":78,"b:276:15:276:35:276:35:276:Infinity":21,"s:277:15:277:Infinity":79,"b:277:15:277:35:277:35:277:Infinity":22,"s:278:13:278:Infinity":80,"s:279:2:279:Infinity":81,"s:287:13:294:Infinity":82,"f:287:43:287:50":14,"s:288:2:291:Infinity":83,"s:293:2:293:Infinity":84,"s:301:13:314:Infinity":85,"f:301:47:301:54":15,"s:302:19:302:Infinity":86,"b:304:2:305:Infinity:undefined:undefined:undefined:undefined":23,"s:304:2:305:Infinity":87,"s:305:4:305:Infinity":88,"s:307:15:311:Infinity":89,"s:313:2:313:Infinity":90,"s:321:13:328:Infinity":91,"f:321:44:321:51":16,"s:322:15:325:Infinity":92,"s:327:2:327:Infinity":93,"s:335:13:339:Infinity":94,"f:335:45:335:52":17,"s:336:15:336:Infinity":95,"s:338:2:338:Infinity":96,"s:346:13:360:Infinity":97,"f:346:48:346:55":18,"s:350:6:350:Infinity":98,"s:352:15:357:Infinity":99,"s:359:2:359:Infinity":100,"s:366:13:390:Infinity":101,"f:366:48:366:55":19,"s:374:6:374:Infinity":102,"s:376:15:383:Infinity":103,"s:385:2:389:Infinity":104}}}
,"C:\\Users\\MSI\\Desktop\\e-commerce\\server\\controllers\\categoryController.js": {"path":"C:\\Users\\MSI\\Desktop\\e-commerce\\server\\controllers\\categoryController.js","statementMap":{"0":{"start":{"line":11,"column":29},"end":{"line":28,"column":2}},"1":{"start":{"line":12,"column":51},"end":{"line":12,"column":59}},"2":{"start":{"line":14,"column":2},"end":{"line":15,"column":67}},"3":{"start":{"line":15,"column":4},"end":{"line":15,"column":67}},"4":{"start":{"line":17,"column":19},"end":{"line":21,"column":4}},"5":{"start":{"line":23,"column":2},"end":{"line":27,"column":5}},"6":{"start":{"line":34,"column":33},"end":{"line":42,"column":2}},"7":{"start":{"line":35,"column":32},"end":{"line":35,"column":81}},"8":{"start":{"line":37,"column":2},"end":{"line":41,"column":5}},"9":{"start":{"line":48,"column":34},"end":{"line":54,"column":2}},"10":{"start":{"line":49,"column":19},"end":{"line":49,"column":90}},"11":{"start":{"line":50,"column":2},"end":{"line":52,"column":3}},"12":{"start":{"line":51,"column":4},"end":{"line":51,"column":64}},"13":{"start":{"line":53,"column":2},"end":{"line":53,"column":52}},"14":{"start":{"line":60,"column":29},"end":{"line":76,"column":2}},"15":{"start":{"line":66,"column":4},"end":{"line":66,"column":18}},"16":{"start":{"line":68,"column":19},"end":{"line":73,"column":4}},"17":{"start":{"line":75,"column":2},"end":{"line":75,"column":87}},"18":{"start":{"line":82,"column":29},"end":{"line":85,"column":2}},"19":{"start":{"line":83,"column":2},"end":{"line":83,"column":69}},"20":{"start":{"line":84,"column":2},"end":{"line":84,"column":75}}},"fnMap":{"0":{"name":"(anonymous_0)","decl":{"start":{"line":11,"column":47},"end":{"line":11,"column":52}},"loc":{"start":{"line":11,"column":73},"end":{"line":28,"column":1}},"line":11},"1":{"name":"(anonymous_1)","decl":{"start":{"line":34,"column":51},"end":{"line":34,"column":56}},"loc":{"start":{"line":34,"column":71},"end":{"line":42,"column":1}},"line":34},"2":{"name":"(anonymous_2)","decl":{"start":{"line":48,"column":52},"end":{"line":48,"column":57}},"loc":{"start":{"line":48,"column":72},"end":{"line":54,"column":1}},"line":48},"3":{"name":"(anonymous_3)","decl":{"start":{"line":60,"column":47},"end":{"line":60,"column":52}},"loc":{"start":{"line":60,"column":67},"end":{"line":76,"column":1}},"line":60},"4":{"name":"(anonymous_4)","decl":{"start":{"line":82,"column":47},"end":{"line":82,"column":52}},"loc":{"start":{"line":82,"column":67},"end":{"line":85,"column":1}},"line":82}},"branchMap":{"0":{"loc":{"start":{"line":14,"column":2},"end":{"line":15,"column":67}},"type":"if","locations":[{"start":{"line":14,"column":2},"end":{"line":15,"column":67}},{"start":{},"end":{}}],"line":14},"1":{"loc":{"start":{"line":19,"column":15},"end":{"line":19,"column":32}},"type":"binary-expr","locations":[{"start":{"line":19,"column":15},"end":{"line":19,"column":24}},{"start":{"line":19,"column":28},"end":{"line":19,"column":32}}],"line":19},"2":{"loc":{"start":{"line":50,"column":2},"end":{"line":52,"column":3}},"type":"if","locations":[{"start":{"line":50,"column":2},"end":{"line":52,"column":3}},{"start":{},"end":{}}],"line":50},"3":{"loc":{"start":{"line":66,"column":4},"end":{"line":66,"column":18}},"type":"binary-expr","locations":[{"start":{"line":66,"column":4},"end":{"line":66,"column":12}},{"start":{"line":66,"column":16},"end":{"line":66,"column":18}}],"line":66}},"s":{"0":13,"1":0,"2":0,"3":0,"4":0,"5":0,"6":13,"7":3,"8":3,"9":13,"10":3,"11":1,"12":0,"13":1,"14":13,"15":0,"16":0,"17":0,"18":13,"19":0,"20":0},"f":{"0":0,"1":3,"2":3,"3":0,"4":0},"b":{"0":[0,0],"1":[0,0],"2":[0,1],"3":[0,0]},"meta":{"lastBranch":4,"lastFunction":5,"lastStatement":21,"seen":{"s:11:29:28:2":0,"f:11:47:11:52":0,"s:12:51:12:59":1,"b:14:2:15:67:undefined:undefined:undefined:undefined":0,"s:14:2:15:67":2,"s:15:4:15:67":3,"s:17:19:21:4":4,"b:19:15:19:24:19:28:19:32":1,"s:23:2:27:5":5,"s:34:33:42:2":6,"f:34:51:34:56":1,"s:35:32:35:81":7,"s:37:2:41:5":8,"s:48:34:54:2":9,"f:48:52:48:57":2,"s:49:19:49:90":10,"b:50:2:52:3:undefined:undefined:undefined:undefined":2,"s:50:2:52:3":11,"s:51:4:51:64":12,"s:53:2:53:52":13,"s:60:29:76:2":14,"f:60:47:60:52":3,"s:66:4:66:18":15,"b:66:4:66:12:66:16:66:18":3,"s:68:19:73:4":16,"s:75:2:75:87":17,"s:82:29:85:2":18,"f:82:47:82:52":4,"s:83:2:83:69":19,"s:84:2:84:75":20}}}
,"C:\\Users\\MSI\\Desktop\\e-commerce\\server\\controllers\\emailcampaignController.js": {"path":"C:\\Users\\MSI\\Desktop\\e-commerce\\server\\controllers\\emailcampaignController.js","statementMap":{"0":{"start":{"line":11,"column":24},"end":{"line":30,"column":2}},"1":{"start":{"line":12,"column":20},"end":{"line":12,"column":28}},"2":{"start":{"line":14,"column":2},"end":{"line":15,"column":69}},"3":{"start":{"line":15,"column":4},"end":{"line":15,"column":69}},"4":{"start":{"line":16,"column":19},"end":{"line":16,"column":47}},"5":{"start":{"line":17,"column":2},"end":{"line":18,"column":57}},"6":{"start":{"line":18,"column":4},"end":{"line":18,"column":57}},"7":{"start":{"line":20,"column":23},"end":{"line":23,"column":4}},"8":{"start":{"line":25,"column":2},"end":{"line":29,"column":5}},"9":{"start":{"line":39,"column":26},"end":{"line":54,"column":2}},"10":{"start":{"line":40,"column":20},"end":{"line":40,"column":28}},"11":{"start":{"line":42,"column":2},"end":{"line":43,"column":69}},"12":{"start":{"line":43,"column":4},"end":{"line":43,"column":69}},"13":{"start":{"line":44,"column":20},"end":{"line":44,"column":48}},"14":{"start":{"line":45,"column":2},"end":{"line":46,"column":57}},"15":{"start":{"line":46,"column":4},"end":{"line":46,"column":57}},"16":{"start":{"line":48,"column":2},"end":{"line":48,"column":60}},"17":{"start":{"line":50,"column":2},"end":{"line":53,"column":5}},"18":{"start":{"line":62,"column":29},"end":{"line":77,"column":2}},"19":{"start":{"line":63,"column":61},"end":{"line":63,"column":69}},"20":{"start":{"line":65,"column":2},"end":{"line":66,"column":95}},"21":{"start":{"line":66,"column":4},"end":{"line":66,"column":95}},"22":{"start":{"line":68,"column":19},"end":{"line":70,"column":4}},"23":{"start":{"line":72,"column":2},"end":{"line":76,"column":5}},"24":{"start":{"line":85,"column":27},"end":{"line":99,"column":2}},"25":{"start":{"line":86,"column":25},"end":{"line":86,"column":35}},"26":{"start":{"line":87,"column":25},"end":{"line":87,"column":33}},"27":{"start":{"line":89,"column":24},"end":{"line":92,"column":4}},"28":{"start":{"line":94,"column":2},"end":{"line":98,"column":5}},"29":{"start":{"line":106,"column":30},"end":{"line":114,"column":2}},"30":{"start":{"line":107,"column":20},"end":{"line":107,"column":71}},"31":{"start":{"line":109,"column":2},"end":{"line":113,"column":5}},"32":{"start":{"line":121,"column":32},"end":{"line":128,"column":2}},"33":{"start":{"line":122,"column":15},"end":{"line":122,"column":68}},"34":{"start":{"line":124,"column":2},"end":{"line":127,"column":5}}},"fnMap":{"0":{"name":"(anonymous_0)","decl":{"start":{"line":11,"column":42},"end":{"line":11,"column":47}},"loc":{"start":{"line":11,"column":68},"end":{"line":30,"column":1}},"line":11},"1":{"name":"(anonymous_1)","decl":{"start":{"line":39,"column":44},"end":{"line":39,"column":49}},"loc":{"start":{"line":39,"column":70},"end":{"line":54,"column":1}},"line":39},"2":{"name":"(anonymous_2)","decl":{"start":{"line":62,"column":47},"end":{"line":62,"column":52}},"loc":{"start":{"line":62,"column":73},"end":{"line":77,"column":1}},"line":62},"3":{"name":"(anonymous_3)","decl":{"start":{"line":85,"column":45},"end":{"line":85,"column":50}},"loc":{"start":{"line":85,"column":71},"end":{"line":99,"column":1}},"line":85},"4":{"name":"(anonymous_4)","decl":{"start":{"line":106,"column":48},"end":{"line":106,"column":53}},"loc":{"start":{"line":106,"column":74},"end":{"line":114,"column":1}},"line":106},"5":{"name":"(anonymous_5)","decl":{"start":{"line":121,"column":50},"end":{"line":121,"column":55}},"loc":{"start":{"line":121,"column":76},"end":{"line":128,"column":1}},"line":121}},"branchMap":{"0":{"loc":{"start":{"line":14,"column":2},"end":{"line":15,"column":69}},"type":"if","locations":[{"start":{"line":14,"column":2},"end":{"line":15,"column":69}},{"start":{},"end":{}}],"line":14},"1":{"loc":{"start":{"line":17,"column":2},"end":{"line":18,"column":57}},"type":"if","locations":[{"start":{"line":17,"column":2},"end":{"line":18,"column":57}},{"start":{},"end":{}}],"line":17},"2":{"loc":{"start":{"line":22,"column":12},"end":{"line":22,"column":32}},"type":"binary-expr","locations":[{"start":{"line":22,"column":12},"end":{"line":22,"column":24}},{"start":{"line":22,"column":28},"end":{"line":22,"column":32}}],"line":22},"3":{"loc":{"start":{"line":42,"column":2},"end":{"line":43,"column":69}},"type":"if","locations":[{"start":{"line":42,"column":2},"end":{"line":43,"column":69}},{"start":{},"end":{}}],"line":42},"4":{"loc":{"start":{"line":45,"column":2},"end":{"line":46,"column":57}},"type":"if","locations":[{"start":{"line":45,"column":2},"end":{"line":46,"column":57}},{"start":{},"end":{}}],"line":45},"5":{"loc":{"start":{"line":65,"column":2},"end":{"line":66,"column":95}},"type":"if","locations":[{"start":{"line":65,"column":2},"end":{"line":66,"column":95}},{"start":{},"end":{}}],"line":65},"6":{"loc":{"start":{"line":65,"column":6},"end":{"line":65,"column":48}},"type":"binary-expr","locations":[{"start":{"line":65,"column":6},"end":{"line":65,"column":12}},{"start":{"line":65,"column":16},"end":{"line":65,"column":24}},{"start":{"line":65,"column":28},"end":{"line":65,"column":33}},{"start":{"line":65,"column":37},"end":{"line":65,"column":48}}],"line":65},"7":{"loc":{"start":{"line":91,"column":15},"end":{"line":91,"column":32}},"type":"binary-expr","locations":[{"start":{"line":91,"column":15},"end":{"line":91,"column":24}},{"start":{"line":91,"column":28},"end":{"line":91,"column":32}}],"line":91}},"s":{"0":13,"1":6,"2":6,"3":1,"4":5,"5":5,"6":1,"7":4,"8":3,"9":13,"10":4,"11":4,"12":1,"13":3,"14":3,"15":1,"16":2,"17":1,"18":13,"19":0,"20":0,"21":0,"22":0,"23":0,"24":13,"25":0,"26":0,"27":0,"28":0,"29":13,"30":0,"31":0,"32":13,"33":0,"34":0},"f":{"0":6,"1":4,"2":0,"3":0,"4":0,"5":0},"b":{"0":[1,5],"1":[1,4],"2":[4,4],"3":[1,3],"4":[1,2],"5":[0,0],"6":[0,0,0,0],"7":[0,0]},"meta":{"lastBranch":8,"lastFunction":6,"lastStatement":35,"seen":{"s:11:24:30:2":0,"f:11:42:11:47":0,"s:12:20:12:28":1,"b:14:2:15:69:undefined:undefined:undefined:undefined":0,"s:14:2:15:69":2,"s:15:4:15:69":3,"s:16:19:16:47":4,"b:17:2:18:57:undefined:undefined:undefined:undefined":1,"s:17:2:18:57":5,"s:18:4:18:57":6,"s:20:23:23:4":7,"b:22:12:22:24:22:28:22:32":2,"s:25:2:29:5":8,"s:39:26:54:2":9,"f:39:44:39:49":1,"s:40:20:40:28":10,"b:42:2:43:69:undefined:undefined:undefined:undefined":3,"s:42:2:43:69":11,"s:43:4:43:69":12,"s:44:20:44:48":13,"b:45:2:46:57:undefined:undefined:undefined:undefined":4,"s:45:2:46:57":14,"s:46:4:46:57":15,"s:48:2:48:60":16,"s:50:2:53:5":17,"s:62:29:77:2":18,"f:62:47:62:52":2,"s:63:61:63:69":19,"b:65:2:66:95:undefined:undefined:undefined:undefined":5,"s:65:2:66:95":20,"b:65:6:65:12:65:16:65:24:65:28:65:33:65:37:65:48":6,"s:66:4:66:95":21,"s:68:19:70:4":22,"s:72:2:76:5":23,"s:85:27:99:2":24,"f:85:45:85:50":3,"s:86:25:86:35":25,"s:87:25:87:33":26,"s:89:24:92:4":27,"b:91:15:91:24:91:28:91:32":7,"s:94:2:98:5":28,"s:106:30:114:2":29,"f:106:48:106:53":4,"s:107:20:107:71":30,"s:109:2:113:5":31,"s:121:32:128:2":32,"f:121:50:121:55":5,"s:122:15:122:68":33,"s:124:2:127:5":34}}}
,"C:\\Users\\MSI\\Desktop\\e-commerce\\server\\controllers\\faqController.js": {"path":"C:\\Users\\MSI\\Desktop\\e-commerce\\server\\controllers\\faqController.js","statementMap":{"0":{"start":{"line":10,"column":25},"end":{"line":13,"column":2}},"1":{"start":{"line":11,"column":15},"end":{"line":11,"column":51}},"2":{"start":{"line":12,"column":2},"end":{"line":12,"column":68}},"3":{"start":{"line":20,"column":25},"end":{"line":26,"column":2}},"4":{"start":{"line":21,"column":16},"end":{"line":21,"column":25}},"5":{"start":{"line":22,"column":2},"end":{"line":22,"column":88}},"6":{"start":{"line":22,"column":10},"end":{"line":22,"column":88}},"7":{"start":{"line":24,"column":15},"end":{"line":24,"column":52}},"8":{"start":{"line":25,"column":2},"end":{"line":25,"column":68}},"9":{"start":{"line":37,"column":26},"end":{"line":71,"column":2}},"10":{"start":{"line":39,"column":23},"end":{"line":39,"column":31}},"11":{"start":{"line":43,"column":21},"end":{"line":43,"column":67}},"12":{"start":{"line":44,"column":21},"end":{"line":44,"column":68}},"13":{"start":{"line":46,"column":2},"end":{"line":48,"column":3}},"14":{"start":{"line":47,"column":4},"end":{"line":47,"column":68}},"15":{"start":{"line":50,"column":15},"end":{"line":55,"column":4}},"16":{"start":{"line":58,"column":18},"end":{"line":60,"column":101}},"17":{"start":{"line":62,"column":2},"end":{"line":70,"column":5}},"18":{"start":{"line":78,"column":30},"end":{"line":81,"column":2}},"19":{"start":{"line":79,"column":15},"end":{"line":79,"column":56}},"20":{"start":{"line":80,"column":2},"end":{"line":80,"column":68}},"21":{"start":{"line":88,"column":29},"end":{"line":96,"column":2}},"22":{"start":{"line":89,"column":60},"end":{"line":89,"column":68}},"23":{"start":{"line":91,"column":14},"end":{"line":93,"column":4}},"24":{"start":{"line":95,"column":2},"end":{"line":95,"column":82}},"25":{"start":{"line":103,"column":29},"end":{"line":112,"column":2}},"26":{"start":{"line":104,"column":71},"end":{"line":104,"column":79}},"27":{"start":{"line":106,"column":12},"end":{"line":109,"column":2}},"28":{"start":{"line":111,"column":2},"end":{"line":111,"column":76}},"29":{"start":{"line":119,"column":29},"end":{"line":126,"column":2}},"30":{"start":{"line":120,"column":14},"end":{"line":120,"column":67}},"31":{"start":{"line":121,"column":2},"end":{"line":125,"column":5}},"32":{"start":{"line":133,"column":29},"end":{"line":136,"column":2}},"33":{"start":{"line":134,"column":2},"end":{"line":134,"column":56}},"34":{"start":{"line":135,"column":2},"end":{"line":135,"column":69}},"35":{"start":{"line":143,"column":32},"end":{"line":149,"column":2}},"36":{"start":{"line":144,"column":30},"end":{"line":144,"column":39}},"37":{"start":{"line":145,"column":15},"end":{"line":145,"column":44}},"38":{"start":{"line":147,"column":15},"end":{"line":147,"column":83}},"39":{"start":{"line":148,"column":2},"end":{"line":148,"column":51}},"40":{"start":{"line":160,"column":34},"end":{"line":181,"column":2}},"41":{"start":{"line":161,"column":47},"end":{"line":161,"column":55}},"42":{"start":{"line":162,"column":2},"end":{"line":162,"column":77}},"43":{"start":{"line":162,"column":15},"end":{"line":162,"column":77}},"44":{"start":{"line":164,"column":15},"end":{"line":169,"column":4}},"45":{"start":{"line":171,"column":18},"end":{"line":173,"column":44}},"46":{"start":{"line":175,"column":2},"end":{"line":180,"column":5}},"47":{"start":{"line":189,"column":37},"end":{"line":203,"column":2}},"48":{"start":{"line":190,"column":21},"end":{"line":190,"column":29}},"49":{"start":{"line":191,"column":2},"end":{"line":191,"column":72}},"50":{"start":{"line":191,"column":15},"end":{"line":191,"column":72}},"51":{"start":{"line":193,"column":19},"end":{"line":196,"column":4}},"52":{"start":{"line":198,"column":2},"end":{"line":202,"column":5}},"53":{"start":{"line":210,"column":34},"end":{"line":213,"column":2}},"54":{"start":{"line":211,"column":2},"end":{"line":211,"column":61}},"55":{"start":{"line":212,"column":2},"end":{"line":212,"column":74}},"56":{"start":{"line":220,"column":28},"end":{"line":223,"column":2}},"57":{"start":{"line":221,"column":16},"end":{"line":221,"column":55}},"58":{"start":{"line":222,"column":2},"end":{"line":222,"column":49}}},"fnMap":{"0":{"name":"(anonymous_0)","decl":{"start":{"line":10,"column":43},"end":{"line":10,"column":48}},"loc":{"start":{"line":10,"column":69},"end":{"line":13,"column":1}},"line":10},"1":{"name":"(anonymous_1)","decl":{"start":{"line":20,"column":43},"end":{"line":20,"column":48}},"loc":{"start":{"line":20,"column":69},"end":{"line":26,"column":1}},"line":20},"2":{"name":"(anonymous_2)","decl":{"start":{"line":37,"column":44},"end":{"line":37,"column":49}},"loc":{"start":{"line":37,"column":70},"end":{"line":71,"column":1}},"line":37},"3":{"name":"(anonymous_3)","decl":{"start":{"line":78,"column":48},"end":{"line":78,"column":53}},"loc":{"start":{"line":78,"column":74},"end":{"line":81,"column":1}},"line":78},"4":{"name":"(anonymous_4)","decl":{"start":{"line":88,"column":47},"end":{"line":88,"column":52}},"loc":{"start":{"line":88,"column":73},"end":{"line":96,"column":1}},"line":88},"5":{"name":"(anonymous_5)","decl":{"start":{"line":103,"column":47},"end":{"line":103,"column":52}},"loc":{"start":{"line":103,"column":73},"end":{"line":112,"column":1}},"line":103},"6":{"name":"(anonymous_6)","decl":{"start":{"line":119,"column":47},"end":{"line":119,"column":52}},"loc":{"start":{"line":119,"column":73},"end":{"line":126,"column":1}},"line":119},"7":{"name":"(anonymous_7)","decl":{"start":{"line":133,"column":47},"end":{"line":133,"column":52}},"loc":{"start":{"line":133,"column":73},"end":{"line":136,"column":1}},"line":133},"8":{"name":"(anonymous_8)","decl":{"start":{"line":143,"column":50},"end":{"line":143,"column":55}},"loc":{"start":{"line":143,"column":76},"end":{"line":149,"column":1}},"line":143},"9":{"name":"(anonymous_9)","decl":{"start":{"line":160,"column":52},"end":{"line":160,"column":57}},"loc":{"start":{"line":160,"column":78},"end":{"line":181,"column":1}},"line":160},"10":{"name":"(anonymous_10)","decl":{"start":{"line":189,"column":55},"end":{"line":189,"column":60}},"loc":{"start":{"line":189,"column":81},"end":{"line":203,"column":1}},"line":189},"11":{"name":"(anonymous_11)","decl":{"start":{"line":210,"column":52},"end":{"line":210,"column":57}},"loc":{"start":{"line":210,"column":78},"end":{"line":213,"column":1}},"line":210},"12":{"name":"(anonymous_12)","decl":{"start":{"line":220,"column":46},"end":{"line":220,"column":51}},"loc":{"start":{"line":220,"column":72},"end":{"line":223,"column":1}},"line":220}},"branchMap":{"0":{"loc":{"start":{"line":22,"column":2},"end":{"line":22,"column":88}},"type":"if","locations":[{"start":{"line":22,"column":2},"end":{"line":22,"column":88}},{"start":{},"end":{}}],"line":22},"1":{"loc":{"start":{"line":43,"column":21},"end":{"line":43,"column":67}},"type":"cond-expr","locations":[{"start":{"line":43,"column":32},"end":{"line":43,"column":45}},{"start":{"line":43,"column":49},"end":{"line":43,"column":67}}],"line":43},"2":{"loc":{"start":{"line":44,"column":21},"end":{"line":44,"column":68}},"type":"cond-expr","locations":[{"start":{"line":44,"column":32},"end":{"line":44,"column":46}},{"start":{"line":44,"column":49},"end":{"line":44,"column":68}}],"line":44},"3":{"loc":{"start":{"line":46,"column":2},"end":{"line":48,"column":3}},"type":"if","locations":[{"start":{"line":46,"column":2},"end":{"line":48,"column":3}},{"start":{},"end":{}}],"line":46},"4":{"loc":{"start":{"line":46,"column":6},"end":{"line":46,"column":31}},"type":"binary-expr","locations":[{"start":{"line":46,"column":6},"end":{"line":46,"column":16}},{"start":{"line":46,"column":20},"end":{"line":46,"column":31}}],"line":46},"5":{"loc":{"start":{"line":51,"column":16},"end":{"line":51,"column":36}},"type":"binary-expr","locations":[{"start":{"line":51,"column":16},"end":{"line":51,"column":28}},{"start":{"line":51,"column":32},"end":{"line":51,"column":36}}],"line":51},"6":{"loc":{"start":{"line":58,"column":18},"end":{"line":60,"column":101}},"type":"cond-expr","locations":[{"start":{"line":59,"column":6},"end":{"line":59,"column":95}},{"start":{"line":60,"column":6},"end":{"line":60,"column":101}}],"line":58},"7":{"loc":{"start":{"line":68,"column":18},"end":{"line":68,"column":67}},"type":"cond-expr","locations":[{"start":{"line":68,"column":39},"end":{"line":68,"column":55}},{"start":{"line":68,"column":58},"end":{"line":68,"column":67}}],"line":68},"8":{"loc":{"start":{"line":123,"column":20},"end":{"line":123,"column":60}},"type":"cond-expr","locations":[{"start":{"line":123,"column":36},"end":{"line":123,"column":45}},{"start":{"line":123,"column":48},"end":{"line":123,"column":60}}],"line":123},"9":{"loc":{"start":{"line":145,"column":15},"end":{"line":145,"column":44}},"type":"binary-expr","locations":[{"start":{"line":145,"column":15},"end":{"line":145,"column":39}},{"start":{"line":145,"column":43},"end":{"line":145,"column":44}}],"line":145},"10":{"loc":{"start":{"line":162,"column":2},"end":{"line":162,"column":77}},"type":"if","locations":[{"start":{"line":162,"column":2},"end":{"line":162,"column":77}},{"start":{},"end":{}}],"line":162},"11":{"loc":{"start":{"line":171,"column":18},"end":{"line":173,"column":44}},"type":"cond-expr","locations":[{"start":{"line":172,"column":6},"end":{"line":172,"column":49}},{"start":{"line":173,"column":6},"end":{"line":173,"column":44}}],"line":171},"12":{"loc":{"start":{"line":171,"column":18},"end":{"line":171,"column":48}},"type":"binary-expr","locations":[{"start":{"line":171,"column":18},"end":{"line":171,"column":28}},{"start":{"line":171,"column":32},"end":{"line":171,"column":48}}],"line":171},"13":{"loc":{"start":{"line":179,"column":17},"end":{"line":179,"column":41}},"type":"binary-expr","locations":[{"start":{"line":179,"column":17},"end":{"line":179,"column":33}},{"start":{"line":179,"column":37},"end":{"line":179,"column":41}}],"line":179},"14":{"loc":{"start":{"line":191,"column":2},"end":{"line":191,"column":72}},"type":"if","locations":[{"start":{"line":191,"column":2},"end":{"line":191,"column":72}},{"start":{},"end":{}}],"line":191}},"s":{"0":13,"1":1,"2":1,"3":13,"4":2,"5":2,"6":1,"7":1,"8":1,"9":13,"10":2,"11":2,"12":2,"13":2,"14":2,"15":0,"16":0,"17":2,"18":13,"19":0,"20":0,"21":13,"22":0,"23":0,"24":0,"25":13,"26":0,"27":0,"28":0,"29":13,"30":0,"31":0,"32":13,"33":0,"34":0,"35":13,"36":0,"37":0,"38":0,"39":0,"40":13,"41":0,"42":0,"43":0,"44":0,"45":0,"46":0,"47":13,"48":0,"49":0,"50":0,"51":0,"52":0,"53":13,"54":0,"55":0,"56":13,"57":0,"58":0},"f":{"0":1,"1":2,"2":2,"3":0,"4":0,"5":0,"6":0,"7":0,"8":0,"9":0,"10":0,"11":0,"12":0},"b":{"0":[1,1],"1":[0,2],"2":[0,2],"3":[2,0],"4":[2,0],"5":[0,0],"6":[0,0],"7":[0,0],"8":[0,0],"9":[0,0],"10":[0,0],"11":[0,0],"12":[0,0],"13":[0,0],"14":[0,0]},"meta":{"lastBranch":15,"lastFunction":13,"lastStatement":59,"seen":{"s:10:25:13:2":0,"f:10:43:10:48":0,"s:11:15:11:51":1,"s:12:2:12:68":2,"s:20:25:26:2":3,"f:20:43:20:48":1,"s:21:16:21:25":4,"b:22:2:22:88:undefined:undefined:undefined:undefined":0,"s:22:2:22:88":5,"s:22:10:22:88":6,"s:24:15:24:52":7,"s:25:2:25:68":8,"s:37:26:71:2":9,"f:37:44:37:49":2,"s:39:23:39:31":10,"s:43:21:43:67":11,"b:43:32:43:45:43:49:43:67":1,"s:44:21:44:68":12,"b:44:32:44:46:44:49:44:68":2,"b:46:2:48:3:undefined:undefined:undefined:undefined":3,"s:46:2:48:3":13,"b:46:6:46:16:46:20:46:31":4,"s:47:4:47:68":14,"s:50:15:55:4":15,"b:51:16:51:28:51:32:51:36":5,"s:58:18:60:101":16,"b:59:6:59:95:60:6:60:101":6,"s:62:2:70:5":17,"b:68:39:68:55:68:58:68:67":7,"s:78:30:81:2":18,"f:78:48:78:53":3,"s:79:15:79:56":19,"s:80:2:80:68":20,"s:88:29:96:2":21,"f:88:47:88:52":4,"s:89:60:89:68":22,"s:91:14:93:4":23,"s:95:2:95:82":24,"s:103:
[...]
,"C:\\Users\\MSI\\Desktop\\e-commerce\\server\\utils\\loginAttempts.js": {"path":"C:\\Users\\MSI\\Desktop\\e-commerce\\server\\utils\\loginAttempts.js","statementMap":{"0":{"start":{"line":3,"column":22},"end":{"line":3,"column":23}},"1":{"start":{"line":4,"column":22},"end":{"line":4,"column":29}},"2":{"start":{"line":7,"column":12},"end":{"line":7,"column":60}},"3":{"start":{"line":7,"column":28},"end":{"line":7,"column":60}},"4":{"start":{"line":10,"column":31},"end":{"line":20,"column":1}},"5":{"start":{"line":11,"column":15},"end":{"line":11,"column":47}},"6":{"start":{"line":12,"column":2},"end":{"line":12,"column":20}},"7":{"start":{"line":12,"column":13},"end":{"line":12,"column":20}},"8":{"start":{"line":14,"column":23},"end":{"line":14,"column":39}},"9":{"start":{"line":15,"column":2},"end":{"line":19,"column":3}},"10":{"start":{"line":16,"column":16},"end":{"line":16,"column":48}},"11":{"start":{"line":17,"column":20},"end":{"line":17,"column":39}},"12":{"start":{"line":18,"column":4},"end":{"line":18,"column":42}},"13":{"start":{"line":23,"column":33},"end":{"line":29,"column":1}},"14":{"start":{"line":24,"column":15},"end":{"line":24,"column":30}},"15":{"start":{"line":25,"column":15},"end":{"line":25,"column":33}},"16":{"start":{"line":26,"column":19},"end":{"line":26,"column":59}},"17":{"start":{"line":28,"column":2},"end":{"line":28,"column":72}},"18":{"start":{"line":32,"column":34},"end":{"line":34,"column":1}},"19":{"start":{"line":33,"column":2},"end":{"line":33,"column":35}}},"fnMap":{"0":{"name":"(anonymous_0)","decl":{"start":{"line":7,"column":12},"end":{"line":7,"column":13}},"loc":{"start":{"line":7,"column":28},"end":{"line":7,"column":60}},"line":7},"1":{"name":"(anonymous_1)","decl":{"start":{"line":10,"column":31},"end":{"line":10,"column":36}},"loc":{"start":{"line":10,"column":53},"end":{"line":20,"column":1}},"line":10},"2":{"name":"(anonymous_2)","decl":{"start":{"line":23,"column":33},"end":{"line":23,"column":38}},"loc":{"start":{"line":23,"column":55},"end":{"line":29,"column":1}},"line":23},"3":{"name":"(anonymous_3)","decl":{"start":{"line":32,"column":34},"end":{"line":32,"column":39}},"loc":{"start":{"line":32,"column":56},"end":{"line":34,"column":1}},"line":32}},"branchMap":{"0":{"loc":{"start":{"line":12,"column":2},"end":{"line":12,"column":20}},"type":"if","locations":[{"start":{"line":12,"column":2},"end":{"line":12,"column":20}},{"start":{},"end":{}}],"line":12},"1":{"loc":{"start":{"line":15,"column":2},"end":{"line":19,"column":3}},"type":"if","locations":[{"start":{"line":15,"column":2},"end":{"line":19,"column":3}},{"start":{},"end":{}}],"line":15},"2":{"loc":{"start":{"line":26,"column":19},"end":{"line":26,"column":59}},"type":"cond-expr","locations":[{"start":{"line":26,"column":26},"end":{"line":26,"column":55}},{"start":{"line":26,"column":58},"end":{"line":26,"column":59}}],"line":26}},"s":{"0":13,"1":13,"2":13,"3":0,"4":13,"5":0,"6":0,"7":0,"8":0,"9":0,"10":0,"11":0,"12":0,"13":13,"14":0,"15":0,"16":0,"17":0,"18":13,"19":0},"f":{"0":0,"1":0,"2":0,"3":0},"b":{"0":[0,0],"1":[0,0],"2":[0,0]},"meta":{"lastBranch":3,"lastFunction":4,"lastStatement":20,"seen":{"s:3:22:3:23":0,"s:4:22:4:29":1,"s:7:12:7:60":2,"f:7:12:7:13":0,"s:7:28:7:60":3,"s:10:31:20:1":4,"f:10:31:10:36":1,"s:11:15:11:47":5,"b:12:2:12:20:undefined:undefined:undefined:undefined":0,"s:12:2:12:20":6,"s:12:13:12:20":7,"s:14:23:14:39":8,"b:15:2:19:3:undefined:undefined:undefined:undefined":1,"s:15:2:19:3":9,"s:16:16:16:48":10,"s:17:20:17:39":11,"s:18:4:18:42":12,"s:23:33:29:1":13,"f:23:33:23:38":2,"s:24:15:24:30":14,"s:25:15:25:33":15,"s:26:19:26:59":16,"b:26:26:26:55:26:58:26:59":2,"s:28:2:28:72":17,"s:32:34:34:1":18,"f:32:34:32:39":3,"s:33:2:33:35":19}}}
,"C:\\Users\\MSI\\Desktop\\e-commerce\\server\\utils\\sendEmail.js": {"path":"C:\\Users\\MSI\\Desktop\\e-commerce\\server\\utils\\sendEmail.js","statementMap":{"0":{"start":{"line":4,"column":20},"end":{"line":11,"column":2}},"1":{"start":{"line":13,"column":18},"end":{"line":21,"column":1}},"2":{"start":{"line":14,"column":2},"end":{"line":20,"column":5}}},"fnMap":{"0":{"name":"(anonymous_0)","decl":{"start":{"line":13,"column":18},"end":{"line":13,"column":23}},"loc":{"start":{"line":13,"column":69},"end":{"line":21,"column":1}},"line":13}},"branchMap":{"0":{"loc":{"start":{"line":13,"column":46},"end":{"line":13,"column":62}},"type":"default-arg","locations":[{"start":{"line":13,"column":60},"end":{"line":13,"column":62}}],"line":13}},"s":{"0":13,"1":13,"2":3},"f":{"0":3},"b":{"0":[3]},"meta":{"lastBranch":1,"lastFunction":1,"lastStatement":3,"seen":{"s:4:20:11:2":0,"s:13:18:21:1":1,"f:13:18:13:23":0,"b:13:60:13:62":0,"s:14:2:20:5":2}}}
,"C:\\Users\\MSI\\Desktop\\e-commerce\\server\\utils\\tokenBlacklist.js": {"path":"C:\\Users\\MSI\\Desktop\\e-commerce\\server\\utils\\tokenBlacklist.js","statementMap":{"0":{"start":{"line":5,"column":30},"end":{"line":17,"column":1}},"1":{"start":{"line":6,"column":2},"end":{"line":16,"column":3}},"2":{"start":{"line":7,"column":20},"end":{"line":7,"column":37}},"3":{"start":{"line":8,"column":4},"end":{"line":8,"column":30}},"4":{"start":{"line":8,"column":23},"end":{"line":8,"column":30}},"5":{"start":{"line":10,"column":16},"end":{"line":10,"column":59}},"6":{"start":{"line":11,"column":4},"end":{"line":13,"column":5}},"7":{"start":{"line":12,"column":6},"end":{"line":12,"column":60}},"8":{"start":{"line":20,"column":34},"end":{"line":23,"column":1}},"9":{"start":{"line":21,"column":17},"end":{"line":21,"column":54}},"10":{"start":{"line":22,"column":2},"end":{"line":22,"column":25}}},"fnMap":{"0":{"name":"(anonymous_0)","decl":{"start":{"line":5,"column":30},"end":{"line":5,"column":35}},"loc":{"start":{"line":5,"column":47},"end":{"line":17,"column":1}},"line":5},"1":{"name":"(anonymous_1)","decl":{"start":{"line":20,"column":34},"end":{"line":20,"column":39}},"loc":{"start":{"line":20,"column":51},"end":{"line":23,"column":1}},"line":20}},"branchMap":{"0":{"loc":{"start":{"line":8,"column":4},"end":{"line":8,"column":30}},"type":"if","locations":[{"start":{"line":8,"column":4},"end":{"line":8,"column":30}},{"start":{},"end":{}}],"line":8},"1":{"loc":{"start":{"line":11,"column":4},"end":{"line":13,"column":5}},"type":"if","locations":[{"start":{"line":11,"column":4},"end":{"line":13,"column":5}},{"start":{},"end":{}}],"line":11}},"s":{"0":13,"1":0,"2":0,"3":0,"4":0,"5":0,"6":0,"7":0,"8":13,"9":0,"10":0},"f":{"0":0,"1":0},"b":{"0":[0,0],"1":[0,0]},"meta":{"lastBranch":2,"lastFunction":2,"lastStatement":11,"seen":{"s:5:30:17:1":0,"f:5:30:5:35":0,"s:6:2:16:3":1,"s:7:20:7:37":2,"b:8:4:8:30:undefined:undefined:undefined:undefined":0,"s:8:4:8:30":3,"s:8:23:8:30":4,"s:10:16:10:59":5,"b:11:4:13:5:undefined:undefined:undefined:undefined":1,"s:11:4:13:5":6,"s:12:6:12:60":7,"s:20:34:23:1":8,"f:20:34:20:39":1,"s:21:17:21:54":9,"s:22:2:22:25":10}}}
,"C:\\Users\\MSI\\Desktop\\e-commerce\\server\\utils\\websocket.js": {"path":"C:\\Users\\MSI\\Desktop\\e-commerce\\server\\utils\\websocket.js","statementMap":{"0":{"start":{"line":8,"column":16},"end":{"line":8,"column":null}},"1":{"start":{"line":11,"column":17},"end":{"line":11,"column":null}},"2":{"start":{"line":14,"column":33},"end":{"line":14,"column":null}},"3":{"start":{"line":15,"column":19},"end":{"line":15,"column":null}},"4":{"start":{"line":18,"column":13},"end":{"line":75,"column":null}},"5":{"start":{"line":19,"column":2},"end":{"line":19,"column":null}},"6":{"start":{"line":21,"column":2},"end":{"line":73,"column":null}},"7":{"start":{"line":22,"column":23},"end":{"line":22,"column":null}},"8":{"start":{"line":23,"column":4},"end":{"line":32,"column":null}},"9":{"start":{"line":24,"column":24},"end":{"line":24,"column":null}},"10":{"start":{"line":25,"column":24},"end":{"line":25,"column":null}},"11":{"start":{"line":26,"column":8},"end":{"line":26,"column":null}},"12":{"start":{"line":26,"column":22},"end":{"line":26,"column":34}},"13":{"start":{"line":26,"column":34},"end":{"line":26,"column":42}},"14":{"start":{"line":27,"column":24},"end":{"line":27,"column":null}},"15":{"start":{"line":28,"column":8},"end":{"line":28,"column":null}},"16":{"start":{"line":29,"column":8},"end":{"line":29,"column":null}},"17":{"start":{"line":31,"column":8},"end":{"line":31,"column":20}},"18":{"start":{"line":31,"column":20},"end":{"line":31,"column":null}},"19":{"start":{"line":34,"column":4},"end":{"line":34,"column":null}},"20":{"start":{"line":34,"column":19},"end":{"line":34,"column":31}},"21":{"start":{"line":34,"column":31},"end":{"line":34,"column":39}},"22":{"start":{"line":36,"column":4},"end":{"line":46,"column":null}},"23":{"start":{"line":37,"column":6},"end":{"line":37,"column":null}},"24":{"start":{"line":40,"column":31},"end":{"line":40,"column":null}},"25":{"start":{"line":41,"column":21},"end":{"line":41,"column":null}},"26":{"start":{"line":41,"column":58},"end":{"line":41,"column":86}},"27":{"start":{"line":42,"column":6},"end":{"line":45,"column":null}},"28":{"start":{"line":43,"column":8},"end":{"line":44,"column":null}},"29":{"start":{"line":43,"column":14},"end":{"line":43,"column":42}},"30":{"start":{"line":48,"column":4},"end":{"line":48,"column":null}},"31":{"start":{"line":48,"column":30},"end":{"line":48,"column":null}},"32":{"start":{"line":49,"column":4},"end":{"line":49,"column":null}},"33":{"start":{"line":51,"column":4},"end":{"line":53,"column":null}},"34":{"start":{"line":52,"column":6},"end":{"line":52,"column":null}},"35":{"start":{"line":56,"column":25},"end":{"line":58,"column":null}},"36":{"start":{"line":57,"column":6},"end":{"line":57,"column":null}},"37":{"start":{"line":57,"column":37},"end":{"line":57,"column":null}},"38":{"start":{"line":60,"column":4},"end":{"line":67,"column":null}},"39":{"start":{"line":61,"column":6},"end":{"line":61,"column":null}},"40":{"start":{"line":62,"column":6},"end":{"line":62,"column":null}},"41":{"start":{"line":63,"column":6},"end":{"line":66,"column":null}},"42":{"start":{"line":64,"column":8},"end":{"line":64,"column":null}},"43":{"start":{"line":65,"column":8},"end":{"line":65,"column":null}},"44":{"start":{"line":69,"column":4},"end":{"line":71,"column":null}},"45":{"start":{"line":70,"column":6},"end":{"line":70,"column":null}},"46":{"start":{"line":78,"column":13},"end":{"line":89,"column":null}},"47":{"start":{"line":79,"column":18},"end":{"line":79,"column":null}},"48":{"start":{"line":80,"column":2},"end":{"line":80,"column":null}},"49":{"start":{"line":80,"column":16},"end":{"line":80,"column":null}},"50":{"start":{"line":82,"column":18},"end":{"line":82,"column":null}},"51":{"start":{"line":83,"column":2},"end":{"line":88,"column":null}},"52":{"start":{"line":84,"column":4},"end":{"line":87,"column":null}},"53":{"start":{"line":85,"column":6},"end":{"line":86,"column":null}},"54":{"start":{"line":85,"column":12},"end":{"line":85,"column":30}},"55":{"start":{"line":86,"column":20},"end":{"line":86,"column":70}},"56":{"start":{"line":92,"column":13},"end":{"line":108,"column":null}},"57":{"start":{"line":94,"column":2},"end":{"line":94,"column":null}},"58":{"start":{"line":95,"column":2},"end":{"line":97,"column":null}},"59":{"start":{"line":96,"column":4},"end":{"line":96,"column":null}},"60":{"start":{"line":99,"column":18},"end":{"line":99,"column":null}},"61":{"start":{"line":100,"column":2},"end":{"line":107,"column":null}},"62":{"start":{"line":101,"column":4},"end":{"line":106,"column":null}},"63":{"start":{"line":102,"column":6},"end":{"line":105,"column":null}},"64":{"start":{"line":103,"column":8},"end":{"line":104,"column":null}},"65":{"start":{"line":103,"column":14},"end":{"line":103,"column":32}},"66":{"start":{"line":104,"column":22},"end":{"line":104,"column":72}}},"fnMap":{"0":{"name":"(anonymous_0)","decl":{"start":{"line":18,"column":13},"end":{"line":18,"column":30}},"loc":{"start":{"line":18,"column":45},"end":{"line":75,"column":null}},"line":18},"1":{"name":"(anonymous_1)","decl":{"start":{"line":21,"column":9},"end":{"line":21,"column":24}},"loc":{"start":{"line":21,"column":36},"end":{"line":73,"column":3}},"line":21},"2":{"name":"(anonymous_2)","decl":{"start":{"line":41,"column":46},"end":{"line":41,"column":53}},"loc":{"start":{"line":41,"column":58},"end":{"line":41,"column":86}},"line":41},"3":{"name":"(anonymous_3)","decl":{"start":{"line":42,"column":13},"end":{"line":42,"column":21}},"loc":{"start":{"line":42,"column":26},"end":{"line":45,"column":7}},"line":42},"4":{"name":"(anonymous_4)","decl":{"start":{"line":56,"column":25},"end":{"line":56,"column":43}},"loc":{"start":{"line":56,"column":43},"end":{"line":58,"column":7}},"line":56},"5":{"name":"(anonymous_5)","decl":{"start":{"line":60,"column":10},"end":{"line":60,"column":25}},"loc":{"start":{"line":60,"column":25},"end":{"line":67,"column":5}},"line":60},"6":{"name":"(anonymous_6)","decl":{"start":{"line":69,"column":10},"end":{"line":69,"column":20}},"loc":{"start":{"line":69,"column":28},"end":{"line":71,"column":5}},"line":69},"7":{"name":"(anonymous_7)","decl":{"start":{"line":78,"column":13},"end":{"line":78,"column":27}},"loc":{"start":{"line":78,"column":47},"end":{"line":89,"column":null}},"line":78},"8":{"name":"(anonymous_8)","decl":{"start":{"line":83,"column":10},"end":{"line":83,"column":18}},"loc":{"start":{"line":83,"column":24},"end":{"line":88,"column":3}},"line":83},"9":{"name":"(anonymous_9)","decl":{"start":{"line":92,"column":13},"end":{"line":92,"column":29}},"loc":{"start":{"line":92,"column":41},"end":{"line":108,"column":null}},"line":92},"10":{"name":"(anonymous_10)","decl":{"start":{"line":100,"column":11},"end":{"line":100,"column":19}},"loc":{"start":{"line":100,"column":30},"end":{"line":107,"column":3}},"line":100},"11":{"name":"(anonymous_11)","decl":{"start":{"line":101,"column":26},"end":{"line":101,"column":34}},"loc":{"start":{"line":101,"column":40},"end":{"line":106,"column":5}},"line":101}},"branchMap":{"0":{"loc":{"start":{"line":24,"column":37},"end":{"line":24,"column":61}},"type":"binary-expr","locations":[{"start":{"line":24,"column":37},"end":{"line":24,"column":59}},{"start":{"line":24,"column":59},"end":{"line":24,"column":61}}],"line":24},"1":{"loc":{"start":{"line":26,"column":8},"end":{"line":26,"column":null}},"type":"if","locations":[{"start":{"line":26,"column":8},"end":{"line":26,"column":null}},{"start":{},"end":{}}],"line":26},"2":{"loc":{"start":{"line":29,"column":17},"end":{"line":29,"column":null}},"type":"binary-expr","locations":[{"start":{"line":29,"column":17},"end":{"line":29,"column":33}},{"start":{"line":29,"column":33},"end":{"line":29,"column":null}}],"line":29},"3":{"loc":{"start":{"line":34,"column":4},"end":{"line":34,"column":null}},"type":"if","locations":[{"start":{"line":34,"column":4},"end":{"line":34,"column":null}},{"start":{},"end":{}}],"line":34},"4":{"loc":{"start":{"line":36,"column":4},"end":{"line":46,"column":null}},"type":"if","locations":[{"start":{"line":36,"column":4},"end":{"line":46,"column":null}},{"start":{},"end":{}}],"line":36},"5":{"loc":{"start":{"line":48,"column":4},"end":{"line":48,"column":null}},"type":"if","locations":[{"start":{"line":48,"column":4},"end":{"line":48,"column":null}},{"start":{},"end":{}}],"line":48},"6":{"loc":{"start":{"line":51,"column":4},"end":{"line":53,"column":null}},"type":"if","locations":[{"start":{"line":51,"column":4},"end":{"line":53,"column":null}},{"start":{},"end":{}}],"line":51},"7":{"loc":{"start":{"line":57,"column":6},"end":{"line":57,"column":null}},"type":"if","locations":[{"start":{"line":57,"column":6},"end":{"line":57,"column":null}},{"start":{},"end":{}}],"line":57},"8":{"loc":{"start":{"line":63,"column":6},"end":{"line":66,"column":null}},"type":"if","locations":[{"start":{"line":63,"column":6},"end":{"line":66,"column":null}},{"start":{},"end":{}}],"line":63},"9":{"loc":{"start":{"line":80,"column":2},"end":{"line":80,"column":null}},"type":"if","locations":[{"start":{"line":80,"column":2},"end":{"line":80,"column":null}},{"start":{},"end":{}}],"line":80},"10":{"loc":{"start":{"line":84,"column":4},"end":{"line":87,"column":null}},"type":"if","locations":[{"start":{"line":84,"column":4},"end":{"line":87,"column":null}},{"start":{},"end":{}}],"line":84},"11":{"loc":{"start":{"line":95,"column":2},"end":{"line":97,"column":null}},"type":"if","locations":[{"start":{"line":95,"column":2},"end":{"line":97,"column":null}},{"start":{},"end":{}}],"line":95},"12":{"loc":{"start":{"line":102,"column":6},"end":{"line":105,"column":null}},"type":"if","locations":[{"start":{"line":102,"column":6},"end":{"line":105,"column":null}},{"start":{},"end":{}}],"line":102}},"s":{"0":13,"1":13,"2":13,"3":13,"4":13,"5":0,"6":0,"7":0,"8":0,"9":0,"10":0,"11":0,"12":0,"13":0,"14":0,"15":0,"16":0,"17":0,"18":0,"19":0,"20":0,"21":0,"22":0,"23":0,"24":0,"25":0,"26":0,"27":0,"28":0,"29":0,"30":0,"31":0,"32":0,"33":0,"34":0,"35":0,"36":0,"37":0,"38":0,"39":0,"40":0,"41":0,"42":0,"43":0,"44":0,"45":0,"46":13,"47":0,"48":0,"49":0,"50":0,"51":0,"52":0,"53":0,"54":0,"55":0,"56":13,"57":0,"58":0,"59":0,"60":0,"61":0,"62":0,"63":0,"64":0,"65":0,"66":0},"f":{"0":0,"1":0,"2":0,"3":0,"4":0,"5":0,"6":0,"7":0,"8":0,"9":0,"10":0,"11":0},"b":{"0":[0,0],"1":[0,0],"2":[0,0],"3":[0,0],"4":[0,0],"5":[0,0],"6":[0,0],"7":[0,0],"8":[0,0],"9":[0,0],"10":[0,0],"11":[0,0],"12":[0,0]},"meta":{"lastBranch":13,"lastFunction":12,"lastStatement":67,"seen":{"s:8:16:8:Infinity":0,"s:11:17:11:Infinity":1,"s:14:33:14:Infinity":2,"s:15:19:15:Infinity":3,"s:18:13:75:Infinity":4,"f:18:13:18:30":0,"s:19:2:19:Infinity":5,"s:21:2:73:Infinity":6,"f:21:9:21:24":1,"s:22:23:22:Infinity":7,"s:23:4:32:Infinity":8,"s:24:24:24:Infinity":9,"b:24:37:24:59:24:59:24:61":0,"s:25:24:25:Infinity":10,"b:26:8:26:Infinity:undefined:undefined:undefined:undefined":1,"s:26:8:26:Infinity":11,"s:26:22:26:34":12,"s:26:34:26:42":13,"s:27:24:27:Infinity":14,"s:28:8:28:Infinity":15,"s:29:8:29:Infinity":16,"b:29:17:29:33:29:33:29:Infinity":2,"s:31:8:31:20":17,"s:31:20:31:Infinity":18,"b:34:4:34:Infinity:undefined:undefined:undefined:undefined":3,"s:34:4:34:Infinity":19,"s:34:19:34:31":20,"s:34:31:34:39":21,"b:36:4:46:Infinity:undefined:undefined:undefined:undefined":4,"s:36:4:46:Infinity":22,"s:37:6:37:Infinity":23,"s:40:31:40:Infinity":24,"s:41:21:41:Infinity":25,"f:41:46:41:53":2,"s:41:58:41:86":26,"s:42:6:45:Infinity":27,"f:42:13:42:21":3,"s:43:8:44:Infinity":28,"s:43:14:43:42":29,"b:48:4:48:Infinity:undefined:undefined:undefined:undefined":5,"s:48:4:48:Infinity":30,"s:48:30:48:Infinity":31,"s:49:4:49:Infinity":32,"b:51:4:53:Infinity:undefined:undefined:undefined:undefined":6,"s:51:4:53:Infinity":33,"s:52:6:52:Infinity":34,"s:56:25:58:Infinity":35,"f:56:25:56:43":4,"b:57:6:57:Infinity:undefined:undefined:undefined:undefined":7,"s:57:6:57:Infinity":36,"s:57:37:57:Infinity":37,"s:60:4:67:Infinity":38,"f:60:10:60:25":5,"s:61:6:61:Infinity":39,"s:62:6:62:Infinity":40,"b:63:6:66:Infinity:undefined:undefined:undefined:undefined":8,"s:63:6:66:Infinity":41,"s:64:8:64:Infinity":42,"s:65:8:65:Infinity":43,"s:69:4:71:Infinity":44,"f:69:10:69:20":6,"s:70:6:70:Infinity":45,"s:78:13:89:Infinity":46,"f:78:13:78:27":7,"s:79:18:79:Infinity":47,"b:80:2:80:Infinity:undefined:undefined:undefined:undefined":9,"s:80:2:80:Infinity":48,"s:80:16:80:Infinity":49,"s:82:18:82:Infinity":50,"s:83:2:88:Infinity":51,"f:83:10:83:18":8,"b:84:4:87:Infinity:undefined:undefined:undefined:undefined":10,"s:84:4:87:Infinity":52,"s:85:6:86:Infinity":53,"s:85:12:85:30":54,"s:86:20:86:70":55,"s:92:13:108:Infinity":56,"f:92:13:92:29":9,"s:94:2:94:Infinity":57,"b:95:2:97:Infinity:undefined:undefined:undefined:undefined":11,"s:95:2:97:Infinity":58,"s:96:4:96:Infinity":59,"s:99:18:99:Infinity":60,"s:100:2:107:Infinity":61,"f:100:11:100:19":10,"s:101:4:106:Infinity":62,"f:101:26:101:34":11,"b:102:6:105:Infinity:undefined:undefined:undefined:undefined":12,"s:102:6:105:Infinity":63,"s:103:8:104:Infinity":64,"s:103:14:103:32":65,"s:104:22:104:72":66}}}
}
